#
# There is insufficient memory for the Java Runtime Environment to continue.
# Native memory allocation (malloc) failed to allocate 1301184 bytes. Error detail: Chunk::new
# Possible reasons:
#   The system is out of physical RAM or swap space
#   This process is running with CompressedOops enabled, and the Java Heap may be blocking the growth of the native heap
# Possible solutions:
#   Reduce memory load on the system
#   Increase physical memory or swap space
#   Check if swap backing store is full
#   Decrease Java heap size (-Xmx/-Xms)
#   Decrease number of Java threads
#   Decrease Java thread stack sizes (-Xss)
#   Set larger code cache with -XX:ReservedCodeCacheSize=
#   JVM is running with Unscaled Compressed Oops mode in which the Java heap is
#     placed in the first 4GB address space. The Java Heap base address is the
#     maximum limit for the native heap growth. Please use -XX:HeapBaseMinAddress
#     to set the Java Heap base and to place the Java Heap above 4GB virtual address.
# This output file may be truncated or incomplete.
#
#  Out of Memory Error (arena.cpp:168), pid=8568, tid=56828
#
# JRE version: OpenJDK Runtime Environment (21.0.7) (build 21.0.7+-13880790-b1038.58)
# Java VM: OpenJDK 64-Bit Server VM (21.0.7+-13880790-b1038.58, mixed mode, tiered, compressed oops, compressed class ptrs, g1 gc, windows-amd64)
# No core dump will be written. Minidumps are not enabled by default on client versions of Windows
#

---------------  S U M M A R Y ------------

Command Line: --add-opens=java.base/java.lang=ALL-UNNAMED --add-opens=java.base/java.lang.invoke=ALL-UNNAMED --add-opens=java.base/java.util=ALL-UNNAMED --add-opens=java.prefs/java.util.prefs=ALL-UNNAMED --add-exports=jdk.compiler/com.sun.tools.javac.api=ALL-UNNAMED --add-exports=jdk.compiler/com.sun.tools.javac.util=ALL-UNNAMED --add-opens=java.base/java.util=ALL-UNNAMED --add-opens=java.prefs/java.util.prefs=ALL-UNNAMED --add-opens=java.base/java.nio.charset=ALL-UNNAMED --add-opens=java.base/java.net=ALL-UNNAMED --add-opens=java.base/java.util.concurrent.atomic=ALL-UNNAMED --add-opens=java.xml/javax.xml.namespace=ALL-UNNAMED -Xmx2048m -Dfile.encoding=UTF-8 -Duser.country=RU -Duser.language=ru -Duser.variant -javaagent:C:\Users\grish\.gradle\wrapper\dists\gradle-8.13-bin\5xuhj0ry160q40clulazy9h7d\gradle-8.13\lib\agents\gradle-instrumentation-agent-8.13.jar org.gradle.launcher.daemon.bootstrap.GradleDaemon 8.13

Host: 11th Gen Intel(R) Core(TM) i5-11300H @ 3.10GHz, 8 cores, 15G,  Windows 11 , 64 bit Build 26100 (10.0.26100.8328)
Time: Fri May 15 00:55:04 2026 RTZ 2 (s 11 , 64 bit Build 26100 (10.0.26100.8328) elapsed time: 10.899308 seconds (0d 0h 0m 10s)

---------------  T H R E A D  ---------------

Current thread (0x000001c1c583dd00):  JavaThread "C2 CompilerThread0" daemon [_thread_in_native, id=56828, stack(0x0000001843200000,0x0000001843300000) (1024K)]


Current CompileTask:
C2:10899 5667   !   4       sun.reflect.annotation.AnnotationParser::parseAnnotations (37 bytes)

Stack: [0x0000001843200000,0x0000001843300000]
Native frames: (J=compiled Java code, j=interpreted, Vv=VM code, C=native code)
V  [jvm.dll+0x6d25c9]
V  [jvm.dll+0x860923]
V  [jvm.dll+0x862e7e]
V  [jvm.dll+0x863563]
V  [jvm.dll+0x27f156]
V  [jvm.dll+0xc002d]
V  [jvm.dll+0xc0563]
V  [jvm.dll+0x3b6d3b]
V  [jvm.dll+0x1de734]
V  [jvm.dll+0x247fc4]
V  [jvm.dll+0x247441]
V  [jvm.dll+0x1c5fb4]
V  [jvm.dll+0x256bac]
V  [jvm.dll+0x2550f6]
V  [jvm.dll+0x3f1d16]
V  [jvm.dll+0x808d08]
V  [jvm.dll+0x6d0e1d]
C  [ucrtbase.dll+0x37b0]
C  [KERNEL32.DLL+0x2e957]
C  [ntdll.dll+0x427c]


---------------  P R O C E S S  ---------------

Threads class SMR info:
_java_thread_list=0x000001c1cbb01940, length=52, elements={
0x000001c1ae0406a0, 0x000001c1c5823db0, 0x000001c1c58254b0, 0x000001c1c5828a90,
0x000001c1c58324e0, 0x000001c1c5832f40, 0x000001c1c58542b0, 0x000001c1c5855490,
0x000001c1c583dd00, 0x000001c1c5856a60, 0x000001c1c5b3e7a0, 0x000001c1cb993730,
0x000001c1ca24f2f0, 0x000001c1cb9aa810, 0x000001c1cbac5660, 0x000001c1cbac64f0,
0x000001c1cba45cb0, 0x000001c1cba44270, 0x000001c1cba46340, 0x000001c1cba44900,
0x000001c1cba44f90, 0x000001c1cba47060, 0x000001c1cba469d0, 0x000001c1cba43be0,
0x000001c1cf2bb450, 0x000001c1cf2ba730, 0x000001c1cf2b9380, 0x000001c1cf2b9a10,
0x000001c1cf2bc170, 0x000001c1cf2b8cf0, 0x000001c1cf2bd520, 0x000001c1cf2bdbb0,
0x000001c1cf2be8d0, 0x000001c1cf2bef60, 0x000001c1cf2bf5f0, 0x000001c1d0fed260,
0x000001c1d0fed8f0, 0x000001c1d0feeca0, 0x000001c1d0fedf80, 0x000001c1d0fee610,
0x000001c1d0feb820, 0x000001c1d0fef330, 0x000001c1d0febeb0, 0x000001c1d0fecbd0,
0x000001c1d0fef9c0, 0x000001c1d0fec540, 0x000001c1d0ff2120, 0x000001c1d0ff06e0,
0x000001c1d0ff0050, 0x000001c1d0ff0d70, 0x000001c1d0ff1a90, 0x000001c1d0ff1400
}

Java Threads: ( => current thread )
  0x000001c1ae0406a0 JavaThread "main"                              [_thread_blocked, id=11052, stack(0x0000001842300000,0x0000001842400000) (1024K)]
  0x000001c1c5823db0 JavaThread "Common-Cleaner"             daemon [_thread_blocked, id=62724, stack(0x0000001842b00000,0x0000001842c00000) (1024K)]
  0x000001c1c58254b0 JavaThread "Reference Handler"          daemon [_thread_blocked, id=68684, stack(0x0000001842c00000,0x0000001842d00000) (1024K)]
  0x000001c1c5828a90 JavaThread "Finalizer"                  daemon [_thread_blocked, id=72508, stack(0x0000001842d00000,0x0000001842e00000) (1024K)]
  0x000001c1c58324e0 JavaThread "Signal Dispatcher"          daemon [_thread_blocked, id=72220, stack(0x0000001842e00000,0x0000001842f00000) (1024K)]
  0x000001c1c5832f40 JavaThread "Attach Listener"            daemon [_thread_blocked, id=71476, stack(0x0000001842f00000,0x0000001843000000) (1024K)]
  0x000001c1c58542b0 JavaThread "Service Thread"             daemon [_thread_blocked, id=72796, stack(0x0000001843000000,0x0000001843100000) (1024K)]
  0x000001c1c5855490 JavaThread "Monitor Deflation Thread"   daemon [_thread_blocked, id=70732, stack(0x0000001843100000,0x0000001843200000) (1024K)]
=>0x000001c1c583dd00 JavaThread "C2 CompilerThread0"         daemon [_thread_in_native, id=56828, stack(0x0000001843200000,0x0000001843300000) (1024K)]
  0x000001c1c5856a60 JavaThread "C1 CompilerThread0"         daemon [_thread_blocked, id=73532, stack(0x0000001843300000,0x0000001843400000) (1024K)]
  0x000001c1c5b3e7a0 JavaThread "Notification Thread"        daemon [_thread_blocked, id=73316, stack(0x0000001843400000,0x0000001843500000) (1024K)]
  0x000001c1cb993730 JavaThread "Daemon health stats"               [_thread_blocked, id=9256, stack(0x0000001843c00000,0x0000001843d00000) (1024K)]
  0x000001c1ca24f2f0 JavaThread "Incoming local TCP Connector on port 6340"        [_thread_in_native, id=67852, stack(0x0000001843600000,0x0000001843700000) (1024K)]
  0x000001c1cb9aa810 JavaThread "Daemon periodic checks"            [_thread_blocked, id=39928, stack(0x0000001843f00000,0x0000001844000000) (1024K)]
  0x000001c1cbac5660 JavaThread "Daemon"                            [_thread_blocked, id=68080, stack(0x0000001844000000,0x0000001844100000) (1024K)]
  0x000001c1cbac64f0 JavaThread "Handler for socket connection from /127.0.0.1:6340 to /127.0.0.1:6341"        [_thread_in_native, id=64808, stack(0x0000001844100000,0x0000001844200000) (1024K)]
  0x000001c1cba45cb0 JavaThread "Cancel handler"                    [_thread_blocked, id=72264, stack(0x0000001844200000,0x0000001844300000) (1024K)]
  0x000001c1cba44270 JavaThread "Daemon worker"                     [_thread_in_native, id=63280, stack(0x0000001844300000,0x0000001844400000) (1024K)]
  0x000001c1cba46340 JavaThread "Asynchronous log dispatcher for DefaultDaemonConnection: socket connection from /127.0.0.1:6340 to /127.0.0.1:6341"        [_thread_blocked, id=73284, stack(0x0000001844400000,0x0000001844500000) (1024K)]
  0x000001c1cba44900 JavaThread "Stdin handler"                     [_thread_blocked, id=62860, stack(0x0000001844500000,0x0000001844600000) (1024K)]
  0x000001c1cba44f90 JavaThread "Daemon client event forwarder"        [_thread_blocked, id=73308, stack(0x0000001844600000,0x0000001844700000) (1024K)]
  0x000001c1cba47060 JavaThread "Cache worker for journal cache (C:\Users\grish\.gradle\caches\journal-1)"        [_thread_blocked, id=26984, stack(0x0000001844700000,0x0000001844800000) (1024K)]
  0x000001c1cba469d0 JavaThread "File lock request listener"        [_thread_in_native, id=61848, stack(0x0000001844800000,0x0000001844900000) (1024K)]
  0x000001c1cba43be0 JavaThread "Cache worker for file hash cache (C:\Users\grish\.gradle\caches\8.13\fileHashes)"        [_thread_blocked, id=65016, stack(0x0000001844900000,0x0000001844a00000) (1024K)]
  0x000001c1cf2bb450 JavaThread "Cache worker for file hash cache (C:\Users\grish\AndroidStudioProjects\indoornavigation\.gradle\8.13\fileHashes)"        [_thread_blocked, id=62300, stack(0x0000001844c00000,0x0000001844d00000) (1024K)]
  0x000001c1cf2ba730 JavaThread "Cache worker for Build Output Cleanup Cache (C:\Users\grish\AndroidStudioProjects\indoornavigation\.gradle\buildOutputCleanup)"        [_thread_blocked, id=34988, stack(0x0000001844d00000,0x0000001844e00000) (1024K)]
  0x000001c1cf2b9380 JavaThread "File watcher server"        daemon [_thread_in_native, id=72120, stack(0x0000001844e00000,0x0000001844f00000) (1024K)]
  0x000001c1cf2b9a10 JavaThread "File watcher consumer"      daemon [_thread_blocked, id=72384, stack(0x0000001844f00000,0x0000001845000000) (1024K)]
  0x000001c1cf2bc170 JavaThread "jar transforms"                    [_thread_blocked, id=71392, stack(0x0000001845000000,0x0000001845100000) (1024K)]
  0x000001c1cf2b8cf0 JavaThread "jar transforms Thread 2"           [_thread_blocked, id=72824, stack(0x0000001845100000,0x0000001845200000) (1024K)]
  0x000001c1cf2bd520 JavaThread "Cache worker for checksums cache (C:\Users\grish\AndroidStudioProjects\indoornavigation\.gradle\8.13\checksums)"        [_thread_blocked, id=73204, stack(0x0000001845200000,0x0000001845300000) (1024K)]
  0x000001c1cf2bdbb0 JavaThread "Cache worker for file content cache (C:\Users\grish\.gradle\caches\8.13\fileContent)"        [_thread_blocked, id=62656, stack(0x0000001845300000,0x0000001845400000) (1024K)]
  0x000001c1cf2be8d0 JavaThread "jar transforms Thread 3"           [_thread_blocked, id=37308, stack(0x0000001845400000,0x0000001845500000) (1024K)]
  0x000001c1cf2bef60 JavaThread "Cache worker for cache directory md-supplier (C:\Users\grish\.gradle\caches\8.13\md-supplier)"        [_thread_blocked, id=73428, stack(0x0000001845500000,0x0000001845600000) (1024K)]
  0x000001c1cf2bf5f0 JavaThread "Cache worker for cache directory md-rule (C:\Users\grish\.gradle\caches\8.13\md-rule)"        [_thread_blocked, id=73172, stack(0x0000001845600000,0x0000001845700000) (1024K)]
  0x000001c1d0fed260 JavaThread "Unconstrained build operations"        [_thread_blocked, id=69420, stack(0x0000001844b00000,0x0000001844c00000) (1024K)]
  0x000001c1d0fed8f0 JavaThread "Unconstrained build operations Thread 2"        [_thread_blocked, id=72400, stack(0x0000001845700000,0x0000001845800000) (1024K)]
  0x000001c1d0feeca0 JavaThread "Unconstrained build operations Thread 3"        [_thread_blocked, id=68528, stack(0x0000001845800000,0x0000001845900000) (1024K)]
  0x000001c1d0fedf80 JavaThread "Unconstrained build operations Thread 4"        [_thread_blocked, id=72388, stack(0x0000001845900000,0x0000001845a00000) (1024K)]
  0x000001c1d0fee610 JavaThread "Unconstrained build operations Thread 5"        [_thread_blocked, id=61624, stack(0x0000001845a00000,0x0000001845b00000) (1024K)]
  0x000001c1d0feb820 JavaThread "Unconstrained build operations Thread 6"        [_thread_blocked, id=61928, stack(0x0000001845b00000,0x0000001845c00000) (1024K)]
  0x000001c1d0fef330 JavaThread "Unconstrained build operations Thread 7"        [_thread_blocked, id=55420, stack(0x0000001845c00000,0x0000001845d00000) (1024K)]
  0x000001c1d0febeb0 JavaThread "Unconstrained build operations Thread 8"        [_thread_blocked, id=6984, stack(0x0000001845d00000,0x0000001845e00000) (1024K)]
  0x000001c1d0fecbd0 JavaThread "jar transforms Thread 4"           [_thread_blocked, id=68752, stack(0x0000001845e00000,0x0000001845f00000) (1024K)]
  0x000001c1d0fef9c0 JavaThread "jar transforms Thread 5"           [_thread_blocked, id=71772, stack(0x0000001845f00000,0x0000001846000000) (1024K)]
  0x000001c1d0fec540 JavaThread "Unconstrained build operations Thread 9"        [_thread_blocked, id=73028, stack(0x0000001846000000,0x0000001846100000) (1024K)]
  0x000001c1d0ff2120 JavaThread "Unconstrained build operations Thread 10"        [_thread_blocked, id=58568, stack(0x0000001846100000,0x0000001846200000) (1024K)]
  0x000001c1d0ff06e0 JavaThread "Unconstrained build operations Thread 11"        [_thread_blocked, id=72064, stack(0x0000001846200000,0x0000001846300000) (1024K)]
  0x000001c1d0ff0050 JavaThread "Unconstrained build operations Thread 12"        [_thread_blocked, id=51092, stack(0x0000001846300000,0x0000001846400000) (1024K)]
  0x000001c1d0ff0d70 JavaThread "jar transforms Thread 6"           [_thread_blocked, id=15972, stack(0x0000001846400000,0x0000001846500000) (1024K)]
  0x000001c1d0ff1a90 JavaThread "jar transforms Thread 7"           [_thread_blocked, id=59580, stack(0x0000001846500000,0x0000001846600000) (1024K)]
  0x000001c1d0ff1400 JavaThread "jar transforms Thread 8"           [_thread_blocked, id=15744, stack(0x0000001846600000,0x0000001846700000) (1024K)]
Total: 52

Other Threads:
  0x000001c1c5705080 VMThread "VM Thread"                           [id=60196, stack(0x0000001842a00000,0x0000001842b00000) (1024K)]
  0x000001c1c56c2050 WatcherThread "VM Periodic Task Thread"        [id=68640, stack(0x0000001842900000,0x0000001842a00000) (1024K)]
  0x000001c1ae097c10 WorkerThread "GC Thread#0"                     [id=66120, stack(0x0000001842400000,0x0000001842500000) (1024K)]
  0x000001c1ca520810 WorkerThread "GC Thread#1"                     [id=72500, stack(0x0000001843700000,0x0000001843800000) (1024K)]
  0x000001c1ca41adb0 WorkerThread "GC Thread#2"                     [id=73436, stack(0x0000001843800000,0x0000001843900000) (1024K)]
  0x000001c1ca41b150 WorkerThread "GC Thread#3"                     [id=71208, stack(0x0000001843900000,0x0000001843a00000) (1024K)]
  0x000001c1ca41b4f0 WorkerThread "GC Thread#4"                     [id=1224, stack(0x0000001843a00000,0x0000001843b00000) (1024K)]
  0x000001c1ca41b890 WorkerThread "GC Thread#5"                     [id=66948, stack(0x0000001843b00000,0x0000001843c00000) (1024K)]
  0x000001c1cb93ef90 WorkerThread "GC Thread#6"                     [id=65232, stack(0x0000001843d00000,0x0000001843e00000) (1024K)]
  0x000001c1cb93fe60 WorkerThread "GC Thread#7"                     [id=56404, stack(0x0000001843e00000,0x0000001843f00000) (1024K)]
  0x000001c1ae0a9b10 ConcurrentGCThread "G1 Main Marker"            [id=58320, stack(0x0000001842500000,0x0000001842600000) (1024K)]
  0x000001c1ae0ab360 WorkerThread "G1 Conc#0"                       [id=73620, stack(0x0000001842600000,0x0000001842700000) (1024K)]
  0x000001c1cb93fac0 WorkerThread "G1 Conc#1"                       [id=59676, stack(0x0000001843500000,0x0000001843600000) (1024K)]
  0x000001c1c5615ac0 ConcurrentGCThread "G1 Refine#0"               [id=68484, stack(0x0000001842700000,0x0000001842800000) (1024K)]
  0x000001c1c56162e0 ConcurrentGCThread "G1 Service"                [id=67108, stack(0x0000001842800000,0x0000001842900000) (1024K)]
Total: 15

Threads with active compile tasks:
C2 CompilerThread0  10920 5667   !   4       sun.reflect.annotation.AnnotationParser::parseAnnotations (37 bytes)
Total: 1

VM state: not at safepoint (normal execution)

VM Mutex/Monitor currently owned by a thread: None

Heap address: 0x0000000080000000, size: 2048 MB, Compressed Oops mode: 32-bit

CDS archive(s) not mapped
Compressed class space mapped at: 0x0000000100000000-0x0000000140000000, reserved size: 1073741824
Narrow klass base: 0x0000000000000000, Narrow klass shift: 3, Narrow klass range: 0x140000000

GC Precious Log:
 CardTable entry size: 512
 Card Set container configuration: InlinePtr #cards 5 size 8 Array Of Cards #cards 12 size 40 Howl #buckets 4 coarsen threshold 1843 Howl Bitmap #cards 512 size 80 coarsen threshold 460 Card regions per heap region 1 cards per card region 2048
 CPUs: 8 total, 8 available
 Memory: 16075M
 Large Page Support: Disabled
 NUMA Support: Disabled
 Compressed Oops: Enabled (32-bit)
 Heap Region Size: 1M
 Heap Min Capacity: 8M
 Heap Initial Capacity: 252M
 Heap Max Capacity: 2G
 Pre-touch: Disabled
 Parallel Workers: 8
 Concurrent Workers: 2
 Concurrent Refinement Workers: 8
 Periodic GC: Disabled

Heap:
 garbage-first heap   total 88064K, used 42932K [0x0000000080000000, 0x0000000100000000)
  region size 1024K, 5 young (5120K), 4 survivors (4096K)
 Metaspace       used 60302K, committed 61824K, reserved 1114112K
  class space    used 8231K, committed 8960K, reserved 1048576K

Heap Regions: E=young(eden), S=young(survivor), O=old, HS=humongous(starts), HC=humongous(continues), CS=collection set, F=free, TAMS=top-at-mark-start, PB=parsable bottom
|   0|0x0000000080000000, 0x0000000080100000, 0x0000000080100000|100%|HS|  |TAMS 0x0000000080000000| PB 0x0000000080000000| Complete 
|   1|0x0000000080100000, 0x0000000080200000, 0x0000000080200000|100%|HC|  |TAMS 0x0000000080100000| PB 0x0000000080100000| Complete 
|   2|0x0000000080200000, 0x0000000080300000, 0x0000000080300000|100%|HC|  |TAMS 0x0000000080200000| PB 0x0000000080200000| Complete 
|   3|0x0000000080300000, 0x0000000080400000, 0x0000000080400000|100%| O|  |TAMS 0x0000000080300000| PB 0x0000000080300000| Untracked 
|   4|0x0000000080400000, 0x0000000080500000, 0x0000000080500000|100%| O|  |TAMS 0x0000000080400000| PB 0x0000000080400000| Untracked 
|   5|0x0000000080500000, 0x0000000080600000, 0x0000000080600000|100%| O|  |TAMS 0x0000000080500000| PB 0x0000000080500000| Untracked 
|   6|0x0000000080600000, 0x0000000080700000, 0x0000000080700000|100%|HS|  |TAMS 0x0000000080600000| PB 0x0000000080600000| Complete 
|   7|0x0000000080700000, 0x0000000080800000, 0x0000000080800000|100%| O|  |TAMS 0x0000000080700000| PB 0x0000000080700000| Untracked 
|   8|0x0000000080800000, 0x0000000080900000, 0x0000000080900000|100%| O|  |TAMS 0x0000000080800000| PB 0x0000000080800000| Untracked 
|   9|0x0000000080900000, 0x0000000080a00000, 0x0000000080a00000|100%| O|  |TAMS 0x0000000080900000| PB 0x0000000080900000| Untracked 
|  10|0x0000000080a00000, 0x0000000080b00000, 0x0000000080b00000|100%| O|  |TAMS 0x0000000080a00000| PB 0x0000000080a00000| Untracked 
|  11|0x0000000080b00000, 0x0000000080c00000, 0x0000000080c00000|100%| O|  |TAMS 0x0000000080b00000| PB 0x0000000080b00000| Untracked 
|  12|0x0000000080c00000, 0x0000000080d00000, 0x0000000080d00000|100%| O|  |TAMS 0x0000000080c00000| PB 0x0000000080c00000| Untracked 
|  13|0x0000000080d00000, 0x0000000080e00000, 0x0000000080e00000|100%| O|  |TAMS 0x0000000080d00000| PB 0x0000000080d00000| Untracked 
|  14|0x0000000080e00000, 0x0000000080f00000, 0x0000000080f00000|100%| O|  |TAMS 0x0000000080e00000| PB 0x0000000080e00000| Untracked 
|  15|0x0000000080f00000, 0x0000000081000000, 0x0000000081000000|100%| O|  |TAMS 0x0000000080f00000| PB 0x0000000080f00000| Untracked 
|  16|0x0000000081000000, 0x0000000081100000, 0x0000000081100000|100%| O|  |TAMS 0x0000000081000000| PB 0x0000000081000000| Untracked 
|  17|0x0000000081100000, 0x0000000081200000, 0x0000000081200000|100%| O|  |TAMS 0x0000000081100000| PB 0x0000000081100000| Untracked 
|  18|0x0000000081200000, 0x0000000081300000, 0x0000000081300000|100%| O|  |TAMS 0x0000000081200000| PB 0x0000000081200000| Untracked 
|  19|0x0000000081300000, 0x0000000081400000, 0x0000000081400000|100%| O|  |TAMS 0x0000000081300000| PB 0x0000000081300000| Untracked 
|  20|0x0000000081400000, 0x0000000081500000, 0x0000000081500000|100%| O|  |TAMS 0x0000000081400000| PB 0x0000000081400000| Untracked 
|  21|0x0000000081500000, 0x0000000081600000, 0x0000000081600000|100%| O|  |TAMS 0x0000000081500000| PB 0x0000000081500000| Untracked 
|  22|0x0000000081600000, 0x0000000081700000, 0x0000000081700000|100%| O|  |TAMS 0x0000000081600000| PB 0x0000000081600000| Untracked 
|  23|0x0000000081700000, 0x0000000081800000, 0x0000000081800000|100%| O|  |TAMS 0x0000000081700000| PB 0x0000000081700000| Untracked 
|  24|0x0000000081800000, 0x0000000081900000, 0x0000000081900000|100%| O|  |TAMS 0x0000000081800000| PB 0x0000000081800000| Untracked 
|  25|0x0000000081900000, 0x0000000081a00000, 0x0000000081a00000|100%| O|  |TAMS 0x0000000081900000| PB 0x0000000081900000| Untracked 
|  26|0x0000000081a00000, 0x0000000081b00000, 0x0000000081b00000|100%| O|  |TAMS 0x0000000081a00000| PB 0x0000000081a00000| Untracked 
|  27|0x0000000081b00000, 0x0000000081c00000, 0x0000000081c00000|100%| O|  |TAMS 0x0000000081b00000| PB 0x0000000081b00000| Untracked 
|  28|0x0000000081c00000, 0x0000000081d00000, 0x0000000081d00000|100%| O|  |TAMS 0x0000000081c00000| PB 0x0000000081c00000| Untracked 
|  29|0x0000000081d00000, 0x0000000081e00000, 0x0000000081e00000|100%| O|  |TAMS 0x0000000081d00000| PB 0x0000000081d00000| Untracked 
|  30|0x0000000081e00000, 0x0000000081f00000, 0x0000000081f00000|100%| O|  |TAMS 0x0000000081e00000| PB 0x0000000081e00000| Untracked 
|  31|0x0000000081f00000, 0x0000000082000000, 0x0000000082000000|100%| O|  |TAMS 0x0000000081f00000| PB 0x0000000081f00000| Untracked 
|  32|0x0000000082000000, 0x0000000082000000, 0x0000000082100000|  0%| F|  |TAMS 0x0000000082000000| PB 0x0000000082000000| Untracked 
|  33|0x0000000082100000, 0x0000000082200000, 0x0000000082200000|100%| O|  |TAMS 0x0000000082100000| PB 0x0000000082100000| Untracked 
|  34|0x0000000082200000, 0x0000000082300000, 0x0000000082300000|100%| O|  |TAMS 0x0000000082200000| PB 0x0000000082200000| Untracked 
|  35|0x0000000082300000, 0x00000000823737d0, 0x0000000082400000| 45%| O|  |TAMS 0x0000000082300000| PB 0x0000000082300000| Untracked 
|  36|0x0000000082400000, 0x0000000082400000, 0x0000000082500000|  0%| F|  |TAMS 0x0000000082400000| PB 0x0000000082400000| Untracked 
|  37|0x0000000082500000, 0x0000000082600000, 0x0000000082600000|100%| O|  |TAMS 0x0000000082500000| PB 0x0000000082500000| Untracked 
|  38|0x0000000082600000, 0x0000000082600000, 0x0000000082700000|  0%| F|  |TAMS 0x0000000082600000| PB 0x0000000082600000| Untracked 
|  39|0x0000000082700000, 0x0000000082700000, 0x0000000082800000|  0%| F|  |TAMS 0x0000000082700000| PB 0x0000000082700000| Untracked 
|  40|0x0000000082800000, 0x0000000082900000, 0x0000000082900000|100%| O|  |TAMS 0x0000000082800000| PB 0x0000000082800000| Untracked 
|  41|0x0000000082900000, 0x0000000082900000, 0x0000000082a00000|  0%| F|  |TAMS 0x0000000082900000| PB 0x0000000082900000| Untracked 
|  42|0x0000000082a00000, 0x0000000082a00000, 0x0000000082b00000|  0%| F|  |TAMS 0x0000000082a00000| PB 0x0000000082a00000| Untracked 
|  43|0x0000000082b00000, 0x0000000082c00000, 0x0000000082c00000|100%| O|  |TAMS 0x0000000082b00000| PB 0x0000000082b00000| Untracked 
|  44|0x0000000082c00000, 0x0000000082d00000, 0x0000000082d00000|100%| O|  |TAMS 0x0000000082c00000| PB 0x0000000082c00000| Untracked 
|  45|0x0000000082d00000, 0x0000000082d00000, 0x0000000082e00000|  0%| F|  |TAMS 0x0000000082d00000| PB 0x0000000082d00000| Untracked 
|  46|0x0000000082e00000, 0x0000000082e00000, 0x0000000082f00000|  0%| F|  |TAMS 0x0000000082e00000| PB 0x0000000082e00000| Untracked 
|  47|0x0000000082f00000, 0x0000000082f00000, 0x0000000083000000|  0%| F|  |TAMS 0x0000000082f00000| PB 0x0000000082f00000| Untracked 
|  48|0x0000000083000000, 0x0000000083000000, 0x0000000083100000|  0%| F|  |TAMS 0x0000000083000000| PB 0x0000000083000000| Untracked 
|  49|0x0000000083100000, 0x0000000083179920, 0x0000000083200000| 47%| S|CS|TAMS 0x0000000083100000| PB 0x0000000083100000| Complete 
|  50|0x0000000083200000, 0x0000000083300000, 0x0000000083300000|100%| S|CS|TAMS 0x0000000083200000| PB 0x0000000083200000| Complete 
|  51|0x0000000083300000, 0x0000000083400000, 0x0000000083400000|100%| S|CS|TAMS 0x0000000083300000| PB 0x0000000083300000| Complete 
|  52|0x0000000083400000, 0x0000000083500000, 0x0000000083500000|100%| S|CS|TAMS 0x0000000083400000| PB 0x0000000083400000| Complete 
|  53|0x0000000083500000, 0x0000000083500000, 0x0000000083600000|  0%| F|  |TAMS 0x0000000083500000| PB 0x0000000083500000| Untracked 
|  54|0x0000000083600000, 0x0000000083600000, 0x0000000083700000|  0%| F|  |TAMS 0x0000000083600000| PB 0x0000000083600000| Untracked 
|  55|0x0000000083700000, 0x0000000083700000, 0x0000000083800000|  0%| F|  |TAMS 0x0000000083700000| PB 0x0000000083700000| Untracked 
|  56|0x0000000083800000, 0x0000000083800000, 0x0000000083900000|  0%| F|  |TAMS 0x0000000083800000| PB 0x0000000083800000| Untracked 
|  57|0x0000000083900000, 0x0000000083900000, 0x0000000083a00000|  0%| F|  |TAMS 0x0000000083900000| PB 0x0000000083900000| Untracked 
|  58|0x0000000083a00000, 0x0000000083a00000, 0x0000000083b00000|  0%| F|  |TAMS 0x0000000083a00000| PB 0x0000000083a00000| Untracked 
|  59|0x0000000083b00000, 0x0000000083b00000, 0x0000000083c00000|  0%| F|  |TAMS 0x0000000083b00000| PB 0x0000000083b00000| Untracked 
|  60|0x0000000083c00000, 0x0000000083c00000, 0x0000000083d00000|  0%| F|  |TAMS 0x0000000083c00000| PB 0x0000000083c00000| Untracked 
|  61|0x0000000083d00000, 0x0000000083d00000, 0x0000000083e00000|  0%| F|  |TAMS 0x0000000083d00000| PB 0x0000000083d00000| Untracked 
|  62|0x0000000083e00000, 0x0000000083e00000, 0x0000000083f00000|  0%| F|  |TAMS 0x0000000083e00000| PB 0x0000000083e00000| Untracked 
|  63|0x0000000083f00000, 0x0000000083f00000, 0x0000000084000000|  0%| F|  |TAMS 0x0000000083f00000| PB 0x0000000083f00000| Untracked 
|  64|0x0000000084000000, 0x0000000084000000, 0x0000000084100000|  0%| F|  |TAMS 0x0000000084000000| PB 0x0000000084000000| Untracked 
|  65|0x0000000084100000, 0x0000000084100000, 0x0000000084200000|  0%| F|  |TAMS 0x0000000084100000| PB 0x0000000084100000| Untracked 
|  66|0x0000000084200000, 0x0000000084200000, 0x0000000084300000|  0%| F|  |TAMS 0x0000000084200000| PB 0x0000000084200000| Untracked 
|  67|0x0000000084300000, 0x0000000084300000, 0x0000000084400000|  0%| F|  |TAMS 0x0000000084300000| PB 0x0000000084300000| Untracked 
|  68|0x0000000084400000, 0x0000000084400000, 0x0000000084500000|  0%| F|  |TAMS 0x0000000084400000| PB 0x0000000084400000| Untracked 
|  69|0x0000000084500000, 0x0000000084500000, 0x0000000084600000|  0%| F|  |TAMS 0x0000000084500000| PB 0x0000000084500000| Untracked 
|  70|0x0000000084600000, 0x0000000084600000, 0x0000000084700000|  0%| F|  |TAMS 0x0000000084600000| PB 0x0000000084600000| Untracked 
|  71|0x0000000084700000, 0x0000000084700000, 0x0000000084800000|  0%| F|  |TAMS 0x0000000084700000| PB 0x0000000084700000| Untracked 
|  72|0x0000000084800000, 0x0000000084800000, 0x0000000084900000|  0%| F|  |TAMS 0x0000000084800000| PB 0x0000000084800000| Untracked 
|  73|0x0000000084900000, 0x0000000084900000, 0x0000000084a00000|  0%| F|  |TAMS 0x0000000084900000| PB 0x0000000084900000| Untracked 
|  74|0x0000000084a00000, 0x0000000084a00000, 0x0000000084b00000|  0%| F|  |TAMS 0x0000000084a00000| PB 0x0000000084a00000| Untracked 
|  75|0x0000000084b00000, 0x0000000084b00000, 0x0000000084c00000|  0%| F|  |TAMS 0x0000000084b00000| PB 0x0000000084b00000| Untracked 
| 221|0x000000008dd00000, 0x000000008dd00000, 0x000000008de00000|  0%| F|  |TAMS 0x000000008dd00000| PB 0x000000008dd00000| Untracked 
| 222|0x000000008de00000, 0x000000008de00000, 0x000000008df00000|  0%| F|  |TAMS 0x000000008de00000| PB 0x000000008de00000| Untracked 
| 223|0x000000008df00000, 0x000000008df00000, 0x000000008e000000|  0%| F|  |TAMS 0x000000008df00000| PB 0x000000008df00000| Untracked 
| 224|0x000000008e000000, 0x000000008e000000, 0x000000008e100000|  0%| F|  |TAMS 0x000000008e000000| PB 0x000000008e000000| Untracked 
| 225|0x000000008e100000, 0x000000008e100000, 0x000000008e200000|  0%| F|  |TAMS 0x000000008e100000| PB 0x000000008e100000| Untracked 
| 226|0x000000008e200000, 0x000000008e200000, 0x000000008e300000|  0%| F|  |TAMS 0x000000008e200000| PB 0x000000008e200000| Untracked 
| 227|0x000000008e300000, 0x000000008e300000, 0x000000008e400000|  0%| F|  |TAMS 0x000000008e300000| PB 0x000000008e300000| Untracked 
| 228|0x000000008e400000, 0x000000008e400000, 0x000000008e500000|  0%| F|  |TAMS 0x000000008e400000| PB 0x000000008e400000| Untracked 
| 229|0x000000008e500000, 0x000000008e580000, 0x000000008e600000| 50%| E|  |TAMS 0x000000008e500000| PB 0x000000008e500000| Complete 
| 251|0x000000008fb00000, 0x000000008fc00000, 0x000000008fc00000|100%| E|CS|TAMS 0x000000008fb00000| PB 0x000000008fb00000| Complete 

Card table byte_map: [0x000001c1c08c0000,0x000001c1c0cc0000] _byte_map_base: 0x000001c1c04c0000

Marking Bits: (CMBitMap*) 0x000001c1ae099230
 Bits: [0x000001c1c0cc0000, 0x000001c1c2cc0000)

Polling page: 0x000001c1abe20000

Metaspace:

Usage:
  Non-class:     50.86 MB used.
      Class:      8.04 MB used.
       Both:     58.90 MB used.

Virtual space:
  Non-class space:       64.00 MB reserved,      51.62 MB ( 81%) committed,  1 nodes.
      Class space:        1.00 GB reserved,       8.75 MB ( <1%) committed,  1 nodes.
             Both:        1.06 GB reserved,      60.38 MB (  6%) committed. 

Chunk freelists:
   Non-Class:  11.58 MB
       Class:  7.14 MB
        Both:  18.72 MB

MaxMetaspaceSize: unlimited
CompressedClassSpaceSize: 1.00 GB
Initial GC threshold: 21.00 MB
Current GC threshold: 93.12 MB
CDS: off
 - commit_granule_bytes: 65536.
 - commit_granule_words: 8192.
 - virtual_space_node_default_size: 8388608.
 - enlarge_chunks_in_place: 1.
 - use_allocation_guard: 0.


Internal statistics:

num_allocs_failed_limit: 6.
num_arena_births: 2884.
num_arena_deaths: 0.
num_vsnodes_births: 2.
num_vsnodes_deaths: 0.
num_space_committed: 966.
num_space_uncommitted: 0.
num_chunks_returned_to_freelist: 6.
num_chunks_taken_from_freelist: 5311.
num_chunk_merges: 6.
num_chunk_splits: 3439.
num_chunks_enlarged: 2100.
num_inconsistent_stats: 0.

CodeHeap 'non-profiled nmethods': size=120000Kb used=3043Kb max_used=3080Kb free=116956Kb
 bounds [0x000001c1b8c60000, 0x000001c1b8f70000, 0x000001c1c0190000]
CodeHeap 'profiled nmethods': size=120000Kb used=9164Kb max_used=9164Kb free=110835Kb
 bounds [0x000001c1b1190000, 0x000001c1b1a90000, 0x000001c1b86c0000]
CodeHeap 'non-nmethods': size=5760Kb used=2952Kb max_used=2959Kb free=2807Kb
 bounds [0x000001c1b86c0000, 0x000001c1b89b0000, 0x000001c1b8c60000]
 total_blobs=5829 nmethods=4962 adapters=771
 compilation: enabled
              stopped_count=0, restarted_count=0
 full_count=0

Compilation events (20 events):
Event: 8.719 Thread 0x000001c1c5856a60 5697       3       kotlin.reflect.jvm.internal.impl.name.FqName::asString (16 bytes)
Event: 8.719 Thread 0x000001c1c5856a60 nmethod 5697 0x000001c1b1a80890 code [0x000001c1b1a80a60, 0x000001c1b1a80cb0]
Event: 8.719 Thread 0x000001c1c5856a60 5698       3       kotlin.reflect.jvm.internal.impl.name.FqNameUnsafe::asString (13 bytes)
Event: 8.719 Thread 0x000001c1c5856a60 nmethod 5698 0x000001c1b1a80d90 code [0x000001c1b1a80f40, 0x000001c1b1a810c0]
Event: 8.719 Thread 0x000001c1c5856a60 5699       3       kotlin.reflect.jvm.internal.impl.name.FqName::<init> (18 bytes)
Event: 8.719 Thread 0x000001c1c5856a60 nmethod 5699 0x000001c1b1a81190 code [0x000001c1b1a81340, 0x000001c1b1a81570]
Event: 8.719 Thread 0x000001c1c5856a60 5700       3       kotlin.reflect.jvm.internal.impl.name.FqName::<init> (26 bytes)
Event: 8.720 Thread 0x000001c1c5856a60 nmethod 5700 0x000001c1b1a81690 code [0x000001c1b1a81880, 0x000001c1b1a81d10]
Event: 8.720 Thread 0x000001c1c5856a60 5701       3       kotlin.reflect.jvm.internal.impl.name.FqNameUnsafe::<init> (31 bytes)
Event: 8.720 Thread 0x000001c1c5856a60 nmethod 5701 0x000001c1b1a81e90 code [0x000001c1b1a82060, 0x000001c1b1a82350]
Event: 8.728 Thread 0x000001c1c5856a60 5702       3       java.util.jar.JarFile::getEntry (35 bytes)
Event: 8.728 Thread 0x000001c1c5856a60 nmethod 5702 0x000001c1b1a82490 code [0x000001c1b1a826a0, 0x000001c1b1a82b10]
Event: 9.059 Thread 0x000001c1c5856a60 5705       1       javax.management.ObjectName$Property::setKeyIndex (6 bytes)
Event: 9.059 Thread 0x000001c1c5856a60 nmethod 5705 0x000001c1b8e07a10 code [0x000001c1b8e07ba0, 0x000001c1b8e07c68]
Event: 9.059 Thread 0x000001c1c5856a60 5706       1       sun.management.MemoryPoolImpl::getName (5 bytes)
Event: 9.059 Thread 0x000001c1c5856a60 nmethod 5706 0x000001c1b8e07710 code [0x000001c1b8e078a0, 0x000001c1b8e07968]
Event: 9.834 Thread 0x000001c1c5856a60 5708       3       kotlin.jvm.internal.Intrinsics::areEqual (22 bytes)
Event: 9.835 Thread 0x000001c1c5856a60 nmethod 5708 0x000001c1b1a82c90 code [0x000001c1b1a82e40, 0x000001c1b1a83088]
Event: 9.859 Thread 0x000001c1c5856a60 5709       3       java.util.concurrent.ConcurrentHashMap$BaseIterator::<init> (21 bytes)
Event: 9.859 Thread 0x000001c1c5856a60 nmethod 5709 0x000001c1b1a83190 code [0x000001c1b1a83340, 0x000001c1b1a83520]

GC Heap History (20 events):
Event: 4.200 GC heap before
{Heap before GC invocations=6 (full 0):
 garbage-first heap   total 71680K, used 55647K [0x0000000080000000, 0x0000000100000000)
  region size 1024K, 38 young (38912K), 4 survivors (4096K)
 Metaspace       used 31607K, committed 32256K, reserved 1114112K
  class space    used 4177K, committed 4480K, reserved 1048576K
}
Event: 4.204 GC heap after
{Heap after GC invocations=7 (full 0):
 garbage-first heap   total 71680K, used 24222K [0x0000000080000000, 0x0000000100000000)
  region size 1024K, 5 young (5120K), 5 survivors (5120K)
 Metaspace       used 31607K, committed 32256K, reserved 1114112K
  class space    used 4177K, committed 4480K, reserved 1048576K
}
Event: 4.653 GC heap before
{Heap before GC invocations=7 (full 0):
 garbage-first heap   total 71680K, used 47774K [0x0000000080000000, 0x0000000100000000)
  region size 1024K, 30 young (30720K), 5 survivors (5120K)
 Metaspace       used 35180K, committed 35968K, reserved 1114112K
  class space    used 4771K, committed 5120K, reserved 1048576K
}
Event: 4.657 GC heap after
{Heap after GC invocations=8 (full 0):
 garbage-first heap   total 71680K, used 25839K [0x0000000080000000, 0x0000000100000000)
  region size 1024K, 4 young (4096K), 4 survivors (4096K)
 Metaspace       used 35180K, committed 35968K, reserved 1114112K
  class space    used 4771K, committed 5120K, reserved 1048576K
}
Event: 5.335 GC heap before
{Heap before GC invocations=9 (full 0):
 garbage-first heap   total 71680K, used 59631K [0x0000000080000000, 0x0000000100000000)
  region size 1024K, 37 young (37888K), 4 survivors (4096K)
 Metaspace       used 42078K, committed 42944K, reserved 1114112K
  class space    used 5683K, committed 6080K, reserved 1048576K
}
Event: 5.340 GC heap after
{Heap after GC invocations=10 (full 0):
 garbage-first heap   total 71680K, used 29356K [0x0000000080000000, 0x0000000100000000)
  region size 1024K, 5 young (5120K), 5 survivors (5120K)
 Metaspace       used 42078K, committed 42944K, reserved 1114112K
  class space    used 5683K, committed 6080K, reserved 1048576K
}
Event: 5.608 GC heap before
{Heap before GC invocations=10 (full 0):
 garbage-first heap   total 71680K, used 61100K [0x0000000080000000, 0x0000000100000000)
  region size 1024K, 37 young (37888K), 5 survivors (5120K)
 Metaspace       used 44224K, committed 45184K, reserved 1114112K
  class space    used 5932K, committed 6400K, reserved 1048576K
}
Event: 5.614 GC heap after
{Heap after GC invocations=11 (full 0):
 garbage-first heap   total 71680K, used 32064K [0x0000000080000000, 0x0000000100000000)
  region size 1024K, 4 young (4096K), 4 survivors (4096K)
 Metaspace       used 44224K, committed 45184K, reserved 1114112K
  class space    used 5932K, committed 6400K, reserved 1048576K
}
Event: 5.717 GC heap before
{Heap before GC invocations=11 (full 0):
 garbage-first heap   total 71680K, used 41280K [0x0000000080000000, 0x0000000100000000)
  region size 1024K, 11 young (11264K), 4 survivors (4096K)
 Metaspace       used 44869K, committed 45888K, reserved 1114112K
  class space    used 6021K, committed 6464K, reserved 1048576K
}
Event: 5.719 GC heap after
{Heap after GC invocations=12 (full 0):
 garbage-first heap   total 71680K, used 34041K [0x0000000080000000, 0x0000000100000000)
  region size 1024K, 1 young (1024K), 1 survivors (1024K)
 Metaspace       used 44869K, committed 45888K, reserved 1114112K
  class space    used 6021K, committed 6464K, reserved 1048576K
}
Event: 6.392 GC heap before
{Heap before GC invocations=13 (full 0):
 garbage-first heap   total 71680K, used 65785K [0x0000000080000000, 0x0000000100000000)
  region size 1024K, 30 young (30720K), 1 survivors (1024K)
 Metaspace       used 49148K, committed 50240K, reserved 1114112K
  class space    used 6585K, committed 7104K, reserved 1048576K
}
Event: 6.396 GC heap after
{Heap after GC invocations=14 (full 0):
 garbage-first heap   total 71680K, used 34209K [0x0000000080000000, 0x0000000100000000)
  region size 1024K, 3 young (3072K), 3 survivors (3072K)
 Metaspace       used 49148K, committed 50240K, reserved 1114112K
  class space    used 6585K, committed 7104K, reserved 1048576K
}
Event: 7.089 GC heap before
{Heap before GC invocations=14 (full 0):
 garbage-first heap   total 71680K, used 63905K [0x0000000080000000, 0x0000000100000000)
  region size 1024K, 32 young (32768K), 3 survivors (3072K)
 Metaspace       used 52922K, committed 54400K, reserved 1114112K
  class space    used 7202K, committed 7936K, reserved 1048576K
}
Event: 7.093 GC heap after
{Heap after GC invocations=15 (full 0):
 garbage-first heap   total 71680K, used 35655K [0x0000000080000000, 0x0000000100000000)
  region size 1024K, 2 young (2048K), 2 survivors (2048K)
 Metaspace       used 52922K, committed 54400K, reserved 1114112K
  class space    used 7202K, committed 7936K, reserved 1048576K
}
Event: 7.754 GC heap before
{Heap before GC invocations=15 (full 0):
 garbage-first heap   total 71680K, used 62279K [0x0000000080000000, 0x0000000100000000)
  region size 1024K, 29 young (29696K), 2 survivors (2048K)
 Metaspace       used 55773K, committed 57216K, reserved 1114112K
  class space    used 7669K, committed 8384K, reserved 1048576K
}
Event: 7.758 GC heap after
{Heap after GC invocations=16 (full 0):
 garbage-first heap   total 71680K, used 39373K [0x0000000080000000, 0x0000000100000000)
  region size 1024K, 4 young (4096K), 4 survivors (4096K)
 Metaspace       used 55773K, committed 57216K, reserved 1114112K
  class space    used 7669K, committed 8384K, reserved 1048576K
}
Event: 8.337 GC heap before
{Heap before GC invocations=17 (full 0):
 garbage-first heap   total 71680K, used 64973K [0x0000000080000000, 0x0000000100000000)
  region size 1024K, 27 young (27648K), 4 survivors (4096K)
 Metaspace       used 57735K, committed 59264K, reserved 1114112K
  class space    used 7851K, committed 8576K, reserved 1048576K
}
Event: 8.341 GC heap after
{Heap after GC invocations=18 (full 0):
 garbage-first heap   total 88064K, used 41416K [0x0000000080000000, 0x0000000100000000)
  region size 1024K, 2 young (2048K), 2 survivors (2048K)
 Metaspace       used 57735K, committed 59264K, reserved 1114112K
  class space    used 7851K, committed 8576K, reserved 1048576K
}
Event: 9.882 GC heap before
{Heap before GC invocations=18 (full 0):
 garbage-first heap   total 88064K, used 75208K [0x0000000080000000, 0x0000000100000000)
  region size 1024K, 35 young (35840K), 2 survivors (2048K)
 Metaspace       used 60188K, committed 61696K, reserved 1114112K
  class space    used 8215K, committed 8960K, reserved 1048576K
}
Event: 9.886 GC heap after
{Heap after GC invocations=19 (full 0):
 garbage-first heap   total 88064K, used 42932K [0x0000000080000000, 0x0000000100000000)
  region size 1024K, 4 young (4096K), 4 survivors (4096K)
 Metaspace       used 60188K, committed 61696K, reserved 1114112K
  class space    used 8215K, committed 8960K, reserved 1048576K
}

Dll operation events (3 events):
Event: 0.019 Loaded shared library C:\Program Files\Android\Android Studio\jbr\bin\java.dll
Event: 0.025 Loaded shared library C:\Program Files\Android\Android Studio\jbr\bin\zip.dll
Event: 0.577 Loaded shared library C:\Program Files\Android\Android Studio\jbr\bin\verify.dll

Deoptimization events (20 events):
Event: 8.317 Thread 0x000001c1cba44270 DEOPT PACKING pc=0x000001c1b160ac5e sp=0x00000018443f8ee0
Event: 8.317 Thread 0x000001c1cba44270 DEOPT UNPACKING pc=0x000001c1b87188e2 sp=0x00000018443f83c8 mode 0
Event: 8.322 Thread 0x000001c1cba44270 DEOPT PACKING pc=0x000001c1b1192a89 sp=0x00000018443f8ed0
Event: 8.322 Thread 0x000001c1cba44270 DEOPT UNPACKING pc=0x000001c1b87188e2 sp=0x00000018443f83c0 mode 0
Event: 8.325 Thread 0x000001c1cba44270 DEOPT PACKING pc=0x000001c1b160ac5e sp=0x00000018443f8ee0
Event: 8.325 Thread 0x000001c1cba44270 DEOPT UNPACKING pc=0x000001c1b87188e2 sp=0x00000018443f83c8 mode 0
Event: 8.335 Thread 0x000001c1cba44270 DEOPT PACKING pc=0x000001c1b13fc65d sp=0x00000018443f9310
Event: 8.335 Thread 0x000001c1cba44270 DEOPT UNPACKING pc=0x000001c1b87188e2 sp=0x00000018443f8788 mode 0
Event: 8.387 Thread 0x000001c1cba44270 Uncommon trap: trap_request=0xffffff45 fr.pc=0x000001c1b8dea738 relative=0x00000000000001d8
Event: 8.387 Thread 0x000001c1cba44270 Uncommon trap: reason=unstable_if action=reinterpret pc=0x000001c1b8dea738 method=java.util.HashMap.getNode(Ljava/lang/Object;)Ljava/util/HashMap$Node; @ 131 c2
Event: 8.387 Thread 0x000001c1cba44270 DEOPT PACKING pc=0x000001c1b8dea738 sp=0x00000018443f9ae0
Event: 8.387 Thread 0x000001c1cba44270 DEOPT UNPACKING pc=0x000001c1b8717da2 sp=0x00000018443f99f0 mode 2
Event: 8.726 Thread 0x000001c1cba44270 Uncommon trap: trap_request=0xffffff54 fr.pc=0x000001c1b8cf8a6c relative=0x00000000000016ec
Event: 8.726 Thread 0x000001c1cba44270 Uncommon trap: reason=speculate_null_assert action=make_not_entrant pc=0x000001c1b8cf8a6c method=java.util.jar.JarFile.getVersionedEntry(Ljava/lang/String;Ljava/util/jar/JarEntry;)Ljava/util/jar/JarEntry; @ 115 c2
Event: 8.726 Thread 0x000001c1cba44270 DEOPT PACKING pc=0x000001c1b8cf8a6c sp=0x00000018443f84c0
Event: 8.726 Thread 0x000001c1cba44270 DEOPT UNPACKING pc=0x000001c1b8717da2 sp=0x00000018443f84b8 mode 2
Event: 8.726 Thread 0x000001c1cba44270 Uncommon trap: trap_request=0xffffff45 fr.pc=0x000001c1b8cc3c90 relative=0x0000000000000770
Event: 8.726 Thread 0x000001c1cba44270 Uncommon trap: reason=unstable_if action=reinterpret pc=0x000001c1b8cc3c90 method=java.util.jar.JarFile.getEntry(Ljava/lang/String;)Ljava/util/zip/ZipEntry; @ 15 c2
Event: 8.726 Thread 0x000001c1cba44270 DEOPT PACKING pc=0x000001c1b8cc3c90 sp=0x00000018443f8580
Event: 8.726 Thread 0x000001c1cba44270 DEOPT UNPACKING pc=0x000001c1b8717da2 sp=0x00000018443f8578 mode 2

Classes loaded (20 events):
Event: 7.721 Loading class sun/misc/SharedSecrets
Event: 7.721 Loading class sun/misc/SharedSecrets done
Event: 7.861 Loading class java/util/AbstractList$ListItr
Event: 7.861 Loading class java/util/AbstractList$ListItr done
Event: 8.059 Loading class java/util/BitSet$1BitSetSpliterator
Event: 8.060 Loading class java/util/BitSet$1BitSetSpliterator done
Event: 8.082 Loading class sun/nio/fs/WindowsException
Event: 8.082 Loading class sun/nio/fs/WindowsException done
Event: 8.086 Loading class com/jetbrains/internal/IoToNioErrorMessageHolder
Event: 8.087 Loading class com/jetbrains/internal/IoToNioErrorMessageHolder done
Event: 8.106 Loading class java/util/Collections$SynchronizedRandomAccessList
Event: 8.106 Loading class java/util/Collections$SynchronizedList
Event: 8.107 Loading class java/util/Collections$SynchronizedList done
Event: 8.107 Loading class java/util/Collections$SynchronizedRandomAccessList done
Event: 8.508 Loading class java/util/concurrent/atomic/AtomicReferenceFieldUpdater
Event: 8.508 Loading class java/util/concurrent/atomic/AtomicReferenceFieldUpdater done
Event: 8.508 Loading class java/util/concurrent/atomic/AtomicReferenceFieldUpdater$AtomicReferenceFieldUpdaterImpl
Event: 8.508 Loading class java/util/concurrent/atomic/AtomicReferenceFieldUpdater$AtomicReferenceFieldUpdaterImpl done
Event: 8.509 Loading class java/util/concurrent/atomic/AtomicReferenceFieldUpdater$AtomicReferenceFieldUpdaterImpl$1
Event: 8.509 Loading class java/util/concurrent/atomic/AtomicReferenceFieldUpdater$AtomicReferenceFieldUpdaterImpl$1 done

Classes unloaded (0 events):
No events

Classes redefined (0 events):
No events

Internal exceptions (20 events):
Event: 7.981 Thread 0x000001c1cba44270 Exception <a 'java/lang/ClassNotFoundException'{0x000000008e2004b8}: addGradleAndroidTestListener1_2zoeizayve15re0o7rx6xv4ykBeanInfo> (0x000000008e2004b8) 
thrown [s\src\hotspot\share\classfile\systemDictionary.cpp, line 312]
Event: 7.982 Thread 0x000001c1cba44270 Exception <a 'java/lang/ClassNotFoundException'{0x000000008e2066a8}: addGradleAndroidTestListener1_2zoeizayve15re0o7rx6xv4ykCustomizer> (0x000000008e2066a8) 
thrown [s\src\hotspot\share\classfile\systemDictionary.cpp, line 312]
Event: 8.001 Thread 0x000001c1cba44270 Exception <a 'java/lang/ClassNotFoundException'{0x000000008e2a3a50}: SetupUtpTestResultListenerActionBeanInfo> (0x000000008e2a3a50) 
thrown [s\src\hotspot\share\classfile\systemDictionary.cpp, line 312]
Event: 8.001 Thread 0x000001c1cba44270 Exception <a 'java/lang/ClassNotFoundException'{0x000000008e2aa288}: SetupUtpTestResultListenerActionCustomizer> (0x000000008e2aa288) 
thrown [s\src\hotspot\share\classfile\systemDictionary.cpp, line 312]
Event: 8.012 Thread 0x000001c1cba44270 Exception <a 'java/lang/ClassNotFoundException'{0x000000008e124790}: org/gradle/execution/taskgraph/DefaultTaskExecutionGraphBeanInfo> (0x000000008e124790) 
thrown [s\src\hotspot\share\classfile\systemDictionary.cpp, line 312]
Event: 8.013 Thread 0x000001c1cba44270 Exception <a 'java/lang/ClassNotFoundException'{0x000000008e132458}: org/gradle/execution/taskgraph/DefaultTaskExecutionGraphCustomizer> (0x000000008e132458) 
thrown [s\src\hotspot\share\classfile\systemDictionary.cpp, line 312]
Event: 8.067 Thread 0x000001c1cba44270 Exception <a 'java/lang/IncompatibleClassChangeError'{0x000000008e0e9a68}: Found class java.lang.Object, but interface was expected> (0x000000008e0e9a68) 
thrown [s\src\hotspot\share\interpreter\linkResolver.cpp, line 851]
Event: 8.083 Thread 0x000001c1cba44270 Exception <a 'sun/nio/fs/WindowsException'{0x000000008df152c8}> (0x000000008df152c8) 
thrown [s\src\hotspot\share\prims\jni.cpp, line 537]
Event: 8.088 Thread 0x000001c1cba44270 Exception <a 'sun/nio/fs/WindowsException'{0x000000008df16f80}> (0x000000008df16f80) 
thrown [s\src\hotspot\share\prims\jni.cpp, line 537]
Event: 8.089 Thread 0x000001c1cba44270 Exception <a 'sun/nio/fs/WindowsException'{0x000000008df184b0}> (0x000000008df184b0) 
thrown [s\src\hotspot\share\prims\jni.cpp, line 537]
Event: 8.092 Thread 0x000001c1cba44270 Exception <a 'sun/nio/fs/WindowsException'{0x000000008df199f0}> (0x000000008df199f0) 
thrown [s\src\hotspot\share\prims\jni.cpp, line 537]
Event: 8.095 Thread 0x000001c1cba44270 Exception <a 'java/lang/NoSuchMethodError'{0x000000008df2dca8}: 'java.lang.Object java.lang.invoke.Invokers$Holder.invoker(java.lang.Object, java.lang.Object, java.lang.Object, java.lang.Object, java.lang.Object, java.lang.Object)'> (0x000000008df2dca8) 
thrown [s\src\hotspot\share\interpreter\linkResolver.cpp, line 784]
Event: 8.139 Thread 0x000001c1cba44270 Exception <a 'java/lang/NoSuchMethodError'{0x000000008de31ef8}: 'java.lang.Object java.lang.invoke.DirectMethodHandle$Holder.invokeSpecial(java.lang.Object, java.lang.Object, java.lang.Object, java.lang.Object, java.lang.Object, java.lang.Object, java.lang.Object, java.lang.Object, java.lang.Object, java.lang.Object, java.lang.Object, java.lang.Object, java.lang.Object, java.lang.Object, java.lang.Object, java.lang.Object, java.lang.Object, java.lang.Object, java.lang.Object, java.lang.Object, java.lang.Ob
Event: 8.139 Thread 0x000001c1cba44270 Exception <a 'java/lang/NoSuchMethodError'{0x000000008de37f28}: 'java.lang.Object java.lang.invoke.DelegatingMethodHandle$Holder.reinvoke_L(java.lang.Object, java.lang.Object, java.lang.Object, java.lang.Object, java.lang.Object, java.lang.Object, java.lang.Object, java.lang.Object, java.lang.Object, java.lang.Object, java.lang.Object, java.lang.Object, java.lang.Object, java.lang.Object, java.lang.Object, java.lang.Object, java.lang.Object, java.lang.Object, java.lang.Object, java.lang.Object, java.lang.O
Event: 8.139 Thread 0x000001c1cba44270 Exception <a 'java/lang/NoSuchMethodError'{0x000000008de42fc0}: 'java.lang.Object java.lang.invoke.Invokers$Holder.invoker(java.lang.Object, java.lang.Object, java.lang.Object, java.lang.Object, java.lang.Object, java.lang.Object, java.lang.Object, java.lang.Object, java.lang.Object, java.lang.Object, java.lang.Object, java.lang.Object, java.lang.Object, java.lang.Object, java.lang.Object, java.lang.Object, java.lang.Object, java.lang.Object, java.lang.Object, java.lang.Object, java.lang.Object, java.lang.
Event: 8.140 Thread 0x000001c1cba44270 Exception <a 'java/lang/NoSuchMethodError'{0x000000008de498a0}: 'java.lang.Object java.lang.invoke.DelegatingMethodHandle$Holder.delegate(java.lang.Object, java.lang.Object, java.lang.Object, java.lang.Object, java.lang.Object, java.lang.Object, java.lang.Object, java.lang.Object, java.lang.Object, java.lang.Object, java.lang.Object, java.lang.Object, java.lang.Object, java.lang.Object, java.lang.Object, java.lang.Object, java.lang.Object, java.lang.Object, java.lang.Object, java.lang.Object, java.lang.Obj
Event: 8.598 Thread 0x000001c1cba44270 Exception <a 'java/lang/NoSuchMethodError'{0x0000000084096c10}: 'java.lang.Object java.lang.invoke.DirectMethodHandle$Holder.newInvokeSpecial(java.lang.Object, java.lang.Object, java.lang.Object, java.lang.Object, java.lang.Object, java.lang.Object, java.lang.Object, java.lang.Object, java.lang.Object, java.lang.Object, java.lang.Object, java.lang.Object, java.lang.Object, java.lang.Object, java.lang.Object, java.lang.Object, java.lang.Object, java.lang.Object, java.lang.Object)'> (0x0000000084096c10) 
thr
Event: 8.599 Thread 0x000001c1cba44270 Exception <a 'java/lang/NoSuchMethodError'{0x000000008409d560}: 'java.lang.Object java.lang.invoke.DirectMethodHandle$Holder.invokeSpecial(java.lang.Object, java.lang.Object, java.lang.Object, java.lang.Object, java.lang.Object, java.lang.Object, java.lang.Object, java.lang.Object, java.lang.Object, java.lang.Object, java.lang.Object, java.lang.Object, java.lang.Object, java.lang.Object, java.lang.Object, java.lang.Object, java.lang.Object, java.lang.Object, java.lang.Object, java.lang.Object)'> (0x0000000
Event: 8.599 Thread 0x000001c1cba44270 Exception <a 'java/lang/NoSuchMethodError'{0x00000000840a2d78}: 'java.lang.Object java.lang.invoke.DelegatingMethodHandle$Holder.reinvoke_L(java.lang.Object, java.lang.Object, java.lang.Object, java.lang.Object, java.lang.Object, java.lang.Object, java.lang.Object, java.lang.Object, java.lang.Object, java.lang.Object, java.lang.Object, java.lang.Object, java.lang.Object, java.lang.Object, java.lang.Object, java.lang.Object, java.lang.Object, java.lang.Object, java.lang.Object)'> (0x00000000840a2d78) 
throw
Event: 8.611 Thread 0x000001c1cba44270 Exception <a 'java/lang/IncompatibleClassChangeError'{0x0000000083f6d8d8}: Found class java.lang.Object, but interface was expected> (0x0000000083f6d8d8) 
thrown [s\src\hotspot\share\interpreter\linkResolver.cpp, line 851]

ZGC Phase Switch (0 events):
No events

VM Operations (20 events):
Event: 7.279 Executing VM operation: HandshakeAllThreads (Deoptimize)
Event: 7.279 Executing VM operation: HandshakeAllThreads (Deoptimize) done
Event: 7.407 Executing VM operation: HandshakeAllThreads (Deoptimize)
Event: 7.407 Executing VM operation: HandshakeAllThreads (Deoptimize) done
Event: 7.754 Executing VM operation: G1CollectForAllocation (G1 Evacuation Pause)
Event: 7.758 Executing VM operation: G1CollectForAllocation (G1 Evacuation Pause) done
Event: 7.789 Executing VM operation: G1PauseRemark
Event: 7.791 Executing VM operation: G1PauseRemark done
Event: 7.803 Executing VM operation: G1PauseCleanup
Event: 7.803 Executing VM operation: G1PauseCleanup done
Event: 7.864 Executing VM operation: HandshakeAllThreads (Deoptimize)
Event: 7.864 Executing VM operation: HandshakeAllThreads (Deoptimize) done
Event: 8.085 Executing VM operation: HandshakeAllThreads (Deoptimize)
Event: 8.086 Executing VM operation: HandshakeAllThreads (Deoptimize) done
Event: 8.337 Executing VM operation: G1CollectForAllocation (G1 Evacuation Pause)
Event: 8.341 Executing VM operation: G1CollectForAllocation (G1 Evacuation Pause) done
Event: 9.356 Executing VM operation: Cleanup
Event: 9.763 Executing VM operation: Cleanup done
Event: 9.882 Executing VM operation: G1CollectForAllocation (G1 Evacuation Pause)
Event: 9.886 Executing VM operation: G1CollectForAllocation (G1 Evacuation Pause) done

Memory protections (0 events):
No events

Nmethod flushes (20 events):
Event: 7.791 Thread 0x000001c1c5705080 flushing  nmethod 0x000001c1b8e7c210
Event: 7.791 Thread 0x000001c1c5705080 flushing  nmethod 0x000001c1b11d3710
Event: 7.791 Thread 0x000001c1c5705080 flushing  nmethod 0x000001c1b1270d90
Event: 7.791 Thread 0x000001c1c5705080 flushing  nmethod 0x000001c1b1272010
Event: 7.791 Thread 0x000001c1c5705080 flushing  nmethod 0x000001c1b1291610
Event: 7.791 Thread 0x000001c1c5705080 flushing  nmethod 0x000001c1b129c990
Event: 7.791 Thread 0x000001c1c5705080 flushing  nmethod 0x000001c1b130c910
Event: 7.791 Thread 0x000001c1c5705080 flushing  nmethod 0x000001c1b130e010
Event: 7.791 Thread 0x000001c1c5705080 flushing  nmethod 0x000001c1b1345490
Event: 7.791 Thread 0x000001c1c5705080 flushing  nmethod 0x000001c1b1346b90
Event: 7.791 Thread 0x000001c1c5705080 flushing  nmethod 0x000001c1b13f2610
Event: 7.791 Thread 0x000001c1c5705080 flushing  nmethod 0x000001c1b1463b90
Event: 7.791 Thread 0x000001c1c5705080 flushing  nmethod 0x000001c1b14b8e10
Event: 7.791 Thread 0x000001c1c5705080 flushing  nmethod 0x000001c1b14bd810
Event: 7.791 Thread 0x000001c1c5705080 flushing  nmethod 0x000001c1b1541490
Event: 7.791 Thread 0x000001c1c5705080 flushing  nmethod 0x000001c1b15bf390
Event: 7.791 Thread 0x000001c1c5705080 flushing  nmethod 0x000001c1b15bfc10
Event: 7.791 Thread 0x000001c1c5705080 flushing  nmethod 0x000001c1b15c0010
Event: 7.791 Thread 0x000001c1c5705080 flushing  nmethod 0x000001c1b1765590
Event: 7.791 Thread 0x000001c1c5705080 flushing  nmethod 0x000001c1b1835090

Events (20 events):
Event: 7.464 Thread 0x000001c1cba44270 Thread added: 0x000001c1d0fed260
Event: 7.466 Thread 0x000001c1cba44270 Thread added: 0x000001c1d0fed8f0
Event: 7.468 Thread 0x000001c1cba44270 Thread added: 0x000001c1d0feeca0
Event: 7.470 Thread 0x000001c1cba44270 Thread added: 0x000001c1d0fedf80
Event: 7.521 Thread 0x000001c1cba44270 Thread added: 0x000001c1d0fee610
Event: 7.522 Thread 0x000001c1cba44270 Thread added: 0x000001c1d0feb820
Event: 7.523 Thread 0x000001c1cba44270 Thread added: 0x000001c1d0fef330
Event: 7.525 Thread 0x000001c1cba44270 Thread added: 0x000001c1d0febeb0
Event: 7.685 Thread 0x000001c1cba44270 Thread added: 0x000001c1d0fecbd0
Event: 7.806 Thread 0x000001c1cba44270 Thread added: 0x000001c1d0fef9c0
Event: 7.852 Thread 0x000001c1cba44270 Thread added: 0x000001c1d0fec540
Event: 7.852 Thread 0x000001c1cba44270 Thread added: 0x000001c1d0ff2120
Event: 7.853 Thread 0x000001c1cba44270 Thread added: 0x000001c1d0ff06e0
Event: 7.853 Thread 0x000001c1cba44270 Thread added: 0x000001c1d0ff0050
Event: 7.889 Thread 0x000001c1cba44270 Thread added: 0x000001c1d0ff0d70
Event: 7.922 Thread 0x000001c1cba44270 Thread added: 0x000001c1d0ff1a90
Event: 7.968 Thread 0x000001c1cba44270 Thread added: 0x000001c1d0ff1400
Event: 8.313 Thread 0x000001c1cbe00820 Thread exited: 0x000001c1cbe00820
Event: 8.403 Thread 0x000001c1c5856a60 Thread added: 0x000001c1cbe00820
Event: 8.719 Thread 0x000001c1cbe00820 Thread exited: 0x000001c1cbe00820


Dynamic libraries:
0x00007ff6cd770000 - 0x00007ff6cd77a000 	C:\Program Files\Android\Android Studio\jbr\bin\java.exe
0x00007ffa75b00000 - 0x00007ffa75d67000 	C:\WINDOWS\SYSTEM32\ntdll.dll
0x00007ffa75810000 - 0x00007ffa758d9000 	C:\WINDOWS\System32\KERNEL32.DLL
0x00007ffa725e0000 - 0x00007ffa729d7000 	C:\WINDOWS\System32\KERNELBASE.dll
0x00007ffa73730000 - 0x00007ffa7387b000 	C:\WINDOWS\System32\ucrtbase.dll
0x00007ffa49670000 - 0x00007ffa49688000 	C:\Program Files\Android\Android Studio\jbr\bin\jli.dll
0x00007ffa3fa40000 - 0x00007ffa3fa5b000 	C:\Program Files\Android\Android Studio\jbr\bin\VCRUNTIME140.dll
0x00007ffa74c80000 - 0x00007ffa74e46000 	C:\WINDOWS\System32\USER32.dll
0x00007ffa73700000 - 0x00007ffa73727000 	C:\WINDOWS\System32\win32u.dll
0x00007ffa73c20000 - 0x00007ffa73c4b000 	C:\WINDOWS\System32\GDI32.dll
0x00007ffa513a0000 - 0x00007ffa51632000 	C:\WINDOWS\WinSxS\amd64_microsoft.windows.common-controls_6595b64144ccf1df_6.0.26100.8328_none_3e08182ce334b678\COMCTL32.dll
0x00007ffa729e0000 - 0x00007ffa72b0c000 	C:\WINDOWS\System32\gdi32full.dll
0x00007ffa72530000 - 0x00007ffa725d3000 	C:\WINDOWS\System32\msvcp_win.dll
0x00007ffa74400000 - 0x00007ffa744a9000 	C:\WINDOWS\System32\msvcrt.dll
0x00007ffa74c40000 - 0x00007ffa74c72000 	C:\WINDOWS\System32\IMM32.DLL
0x00007ffa40b00000 - 0x00007ffa40b0c000 	C:\Program Files\Android\Android Studio\jbr\bin\vcruntime140_1.dll
0x00007ffa26690000 - 0x00007ffa2671d000 	C:\Program Files\Android\Android Studio\jbr\bin\msvcp140.dll
0x00007ff9cb180000 - 0x00007ff9cbe0e000 	C:\Program Files\Android\Android Studio\jbr\bin\server\jvm.dll
0x00007ffa744b0000 - 0x00007ffa74566000 	C:\WINDOWS\System32\ADVAPI32.dll
0x00007ffa74ed0000 - 0x00007ffa74f77000 	C:\WINDOWS\System32\sechost.dll
0x00007ffa74160000 - 0x00007ffa74278000 	C:\WINDOWS\System32\RPCRT4.dll
0x00007ffa73fe0000 - 0x00007ffa74060000 	C:\WINDOWS\System32\WS2_32.dll
0x00007ffa66d30000 - 0x00007ffa66d66000 	C:\WINDOWS\SYSTEM32\WINMM.dll
0x00007ffa611d0000 - 0x00007ffa611db000 	C:\WINDOWS\SYSTEM32\VERSION.dll
0x00007ffa723b0000 - 0x00007ffa7240e000 	C:\WINDOWS\SYSTEM32\POWRPROF.dll
0x00007ffa72390000 - 0x00007ffa723a4000 	C:\WINDOWS\SYSTEM32\UMPDC.dll
0x00007ffa712c0000 - 0x00007ffa712db000 	C:\WINDOWS\SYSTEM32\kernel.appcore.dll
0x00007ffa40af0000 - 0x00007ffa40afa000 	C:\Program Files\Android\Android Studio\jbr\bin\jimage.dll
0x00007ffa703d0000 - 0x00007ffa70612000 	C:\WINDOWS\SYSTEM32\DBGHELP.DLL
0x00007ffa73c50000 - 0x00007ffa73fd3000 	C:\WINDOWS\System32\combase.dll
0x00007ffa74570000 - 0x00007ffa74649000 	C:\WINDOWS\System32\OLEAUT32.dll
0x00007ffa4d6d0000 - 0x00007ffa4d70b000 	C:\WINDOWS\SYSTEM32\dbgcore.DLL
0x00007ffa734d0000 - 0x00007ffa73578000 	C:\WINDOWS\System32\bcryptPrimitives.dll
0x00007ffa3b9f0000 - 0x00007ffa3b9fe000 	C:\Program Files\Android\Android Studio\jbr\bin\instrument.dll
0x00007ffa3ece0000 - 0x00007ffa3ed00000 	C:\Program Files\Android\Android Studio\jbr\bin\java.dll
0x00007ffa3d2a0000 - 0x00007ffa3d2b8000 	C:\Program Files\Android\Android Studio\jbr\bin\zip.dll
0x00007ffa75090000 - 0x00007ffa757fe000 	C:\WINDOWS\System32\SHELL32.dll
0x00007ffa72ba0000 - 0x00007ffa7340c000 	C:\WINDOWS\System32\windows.storage.dll
0x00007ffa74f90000 - 0x00007ffa75086000 	C:\WINDOWS\System32\SHCORE.dll
0x00007ffa740f0000 - 0x00007ffa74156000 	C:\WINDOWS\System32\shlwapi.dll
0x00007ffa72450000 - 0x00007ffa72479000 	C:\WINDOWS\SYSTEM32\profapi.dll
0x00007ffa3d1b0000 - 0x00007ffa3d1c0000 	C:\Program Files\Android\Android Studio\jbr\bin\net.dll
0x00007ffa69450000 - 0x00007ffa69579000 	C:\WINDOWS\SYSTEM32\WINHTTP.dll
0x00007ffa71830000 - 0x00007ffa7189c000 	C:\WINDOWS\system32\mswsock.dll
0x00007ffa3b6a0000 - 0x00007ffa3b6b6000 	C:\Program Files\Android\Android Studio\jbr\bin\nio.dll
0x00007ffa39a00000 - 0x00007ffa39a10000 	C:\Program Files\Android\Android Studio\jbr\bin\verify.dll
0x00007ffa2a330000 - 0x00007ffa2a357000 	C:\Users\grish\.gradle\native\1def1411415f61bf3af743bc5b6707747c0891f09f0c88961ee8f79bc544acac\windows-amd64\native-platform.dll
0x00007ffa1ea70000 - 0x00007ffa1eae8000 	C:\Users\grish\.gradle\native\0.2.7\x86_64-windows-gnu\gradle-fileevents.dll
0x00007ffa3b9e0000 - 0x00007ffa3b9e9000 	C:\Program Files\Android\Android Studio\jbr\bin\management.dll
0x00007ffa3b930000 - 0x00007ffa3b93b000 	C:\Program Files\Android\Android Studio\jbr\bin\management_ext.dll
0x00007ffa738e0000 - 0x00007ffa738e8000 	C:\WINDOWS\System32\PSAPI.DLL
0x00007ffa70ce0000 - 0x00007ffa70d12000 	C:\WINDOWS\SYSTEM32\IPHLPAPI.DLL
0x00007ffa743f0000 - 0x00007ffa743fa000 	C:\WINDOWS\System32\NSI.dll
0x00007ffa3c4c0000 - 0x00007ffa3c4c9000 	C:\Program Files\Android\Android Studio\jbr\bin\extnet.dll
0x00007ffa71b10000 - 0x00007ffa71b2b000 	C:\WINDOWS\SYSTEM32\CRYPTSP.dll
0x00007ffa71220000 - 0x00007ffa71259000 	C:\WINDOWS\system32\rsaenh.dll
0x00007ffa718e0000 - 0x00007ffa71913000 	C:\WINDOWS\SYSTEM32\USERENV.dll
0x00007ffa72420000 - 0x00007ffa7244a000 	C:\WINDOWS\SYSTEM32\bcrypt.dll
0x00007ffa71b30000 - 0x00007ffa71b3c000 	C:\WINDOWS\SYSTEM32\CRYPTBASE.dll
0x00007ffa553d0000 - 0x00007ffa553d8000 	C:\WINDOWS\system32\wshunix.dll

dbghelp: loaded successfully - version: 4.0.5 - missing functions: none
symbol engine: initialized successfully - sym options: 0x614 - pdb path: .;C:\Program Files\Android\Android Studio\jbr\bin;C:\WINDOWS\SYSTEM32;C:\WINDOWS\WinSxS\amd64_microsoft.windows.common-controls_6595b64144ccf1df_6.0.26100.8328_none_3e08182ce334b678;C:\Program Files\Android\Android Studio\jbr\bin\server;C:\Users\grish\.gradle\native\1def1411415f61bf3af743bc5b6707747c0891f09f0c88961ee8f79bc544acac\windows-amd64;C:\Users\grish\.gradle\native\0.2.7\x86_64-windows-gnu

VM Arguments:
jvm_args: --add-opens=java.base/java.lang=ALL-UNNAMED --add-opens=java.base/java.lang.invoke=ALL-UNNAMED --add-opens=java.base/java.util=ALL-UNNAMED --add-opens=java.prefs/java.util.prefs=ALL-UNNAMED --add-exports=jdk.compiler/com.sun.tools.javac.api=ALL-UNNAMED --add-exports=jdk.compiler/com.sun.tools.javac.util=ALL-UNNAMED --add-opens=java.base/java.util=ALL-UNNAMED --add-opens=java.prefs/java.util.prefs=ALL-UNNAMED --add-opens=java.base/java.nio.charset=ALL-UNNAMED --add-opens=java.base/java.net=ALL-UNNAMED --add-opens=java.base/java.util.concurrent.atomic=ALL-UNNAMED --add-opens=java.xml/javax.xml.namespace=ALL-UNNAMED -Xmx2048m -Dfile.encoding=UTF-8 -Duser.country=RU -Duser.language=ru -Duser.variant -javaagent:C:\Users\grish\.gradle\wrapper\dists\gradle-8.13-bin\5xuhj0ry160q40clulazy9h7d\gradle-8.13\lib\agents\gradle-instrumentation-agent-8.13.jar 
java_command: org.gradle.launcher.daemon.bootstrap.GradleDaemon 8.13
java_class_path (initial): C:\Users\grish\.gradle\wrapper\dists\gradle-8.13-bin\5xuhj0ry160q40clulazy9h7d\gradle-8.13\lib\gradle-daemon-main-8.13.jar
Launcher Type: SUN_STANDARD

[Global flags]
     intx CICompilerCount                          = 4                                         {product} {ergonomic}
     uint ConcGCThreads                            = 2                                         {product} {ergonomic}
     uint G1ConcRefinementThreads                  = 8                                         {product} {ergonomic}
   size_t G1HeapRegionSize                         = 1048576                                   {product} {ergonomic}
    uintx GCDrainStackTargetSize                   = 64                                        {product} {ergonomic}
   size_t InitialHeapSize                          = 264241152                                 {product} {ergonomic}
   size_t MarkStackSize                            = 4194304                                   {product} {ergonomic}
   size_t MaxHeapSize                              = 2147483648                                {product} {command line}
   size_t MaxNewSize                               = 1287651328                                {product} {ergonomic}
   size_t MinHeapDeltaBytes                        = 1048576                                   {product} {ergonomic}
   size_t MinHeapSize                              = 8388608                                   {product} {ergonomic}
    uintx NonNMethodCodeHeapSize                   = 5839372                                {pd product} {ergonomic}
    uintx NonProfiledCodeHeapSize                  = 122909434                              {pd product} {ergonomic}
    uintx ProfiledCodeHeapSize                     = 122909434                              {pd product} {ergonomic}
    uintx ReservedCodeCacheSize                    = 251658240                              {pd product} {ergonomic}
     bool SegmentedCodeCache                       = true                                      {product} {ergonomic}
   size_t SoftMaxHeapSize                          = 2147483648                             {manageable} {ergonomic}
     bool UseCompressedOops                        = true                           {product lp64_product} {ergonomic}
     bool UseG1GC                                  = true                                      {product} {ergonomic}
     bool UseLargePagesIndividualAllocation        = false                                  {pd product} {ergonomic}

Logging:
Log output configuration:
 #0: stdout all=warning uptime,level,tags foldmultilines=false
 #1: stderr all=off uptime,level,tags foldmultilines=false

Environment Variables:
JAVA_HOME=C:\Program Files\Java\jdk-21
PATH=C:\Program Files (x86)\VMware\VMware Workstation\bin\;C:\Program Files\Common Files\Oracle\Java\javapath;C:\Program Files (x86)\Common Files\Oracle\Java\javapath;C:\WINDOWS\system32;C:\WINDOWS;C:\WINDOWS\System32\Wbem;C:\WINDOWS\System32\WindowsPowerShell\v1.0\;C:\WINDOWS\System32\OpenSSH\;C:\Program Files\Git\cmd;C:\Program Files\dotnet\;C:\Program Files (x86)\Windows Kits\10\Windows Performance Toolkit\;C:\Program Files\PuTTY\;C:\Program Files\MongoDB\mongosh-2.5.0-win32-x64\bin;;C:\Program Files\Docker\Docker\resources\bin;C:\Program Files\nodejs\;C:\Program Files (x86)\VMware\VMware Workstation\bin\;C:\Program Files\Common Files\Oracle\Java\javapath;C:\Program Files (x86)\Common Files\Oracle\Java\javapath;C:\WINDOWS\system32;C:\WINDOWS;C:\WINDOWS\System32\Wbem;C:\WINDOWS\System32\WindowsPowerShell\v1.0\;C:\WINDOWS\System32\OpenSSH\;C:\Program Files\Git\cmd;C:\Program Files\dotnet\;C:\Program Files (x86)\Windows Kits\10\Windows Performance Toolkit\;C:\Program Files\PuTTY\;C:\Program Files\MongoDB\mongosh-2.5.0-win32-x64\bin;;C:\Program Files\Docker\Docker\resources\bin;C:\Program Files\nodejs\;C:\Program Files (x86)\VMware\VMware Workstation\bin\;C:\Program Files\Common Files\Oracle\Java\javapath;C:\Program Files (x86)\Common Files\Oracle\Java\javapath;C:\WINDOWS\system32;C:\WINDOWS;C:\WINDOWS\System32\Wbem;C:\WINDOWS\System32\WindowsPowerShell\v1.0\;C:\WINDOWS\System32\OpenSSH\;C:\Program Files\Git\cmd;C:\Program Files\dotnet\;C:\Program Files (x86)\Windows Kits\10\Windows Performance Toolkit\;C:\Program Files\PuTTY\;C:\Program Files\MongoDB\mongosh-2.5.0-win32-x64\bin;;C:\Program Files\Docker\Docker\resources\bin;C:\Program Files\nodejs\;C:\Users\grish\AppData\Local\Microsoft\WindowsApps;C:\Users\grish\AppData\Local\Programs\Microsoft VS Code\bin;C:\Users\grish\.dotnet\tools;C:\Program Files\apache-maven-3.9.6\bin;C:\Program Files\MySQL\MySQL Server 8.0\bin;C:\Program Files\PostgreSQL\17\bin;C:\Program Files\JetBrains\WebStorm 2025.1\bin;;C:\Users\grish\AppData\Roaming\npm;C:\flutter\bin;C:\flutter\bin;C:\Program Files (x86)\Nmap;C:\Users\grish\AppData\Local\Programs\Antigravity\bin
USERNAME=grish
OS=Windows_NT
PROCESSOR_IDENTIFIER=Intel64 Family 6 Model 140 Stepping 1, GenuineIntel
TMP=C:\Users\grish\AppData\Local\Temp
TEMP=C:\Users\grish\AppData\Local\Temp




Periodic native trim disabled

JNI global refs:
JNI global refs: 26, weak refs: 0

JNI global refs memory usage: 835, weak refs: 833

Process memory usage:
Resident Set Size: 265492K (1% of 16461484K total physical memory with 1915916K free physical memory)

OOME stack traces (most recent first):
Classloader memory used:
Loader org.gradle.internal.classloader.VisitableURLClassLoader                         : 30299K
Loader bootstrap                                                                       : 22366K
Loader org.gradle.initialization.MixInLegacyTypesClassLoader                           : 6814K
Loader jdk.internal.loader.ClassLoaders$PlatformClassLoader                            : 532K
Loader jdk.internal.loader.ClassLoaders$AppClassLoader                                 : 235K
Loader org.gradle.groovy.scripts.internal.DefaultScriptCompilationHandler$ScriptClassLoader: 99568B
Loader org.gradle.internal.classloader.VisitableURLClassLoader                         : 19136B
Loader org.gradle.internal.classloader.VisitableURLClassLoader$InstrumentingVisitableURLClassLoader: 15792B
Loader jdk.internal.reflect.DelegatingClassLoader                                      : 10296B
Loader org.codehaus.groovy.runtime.callsite.CallSiteClassLoader                        : 10112B

Classes loaded by more than one classloader:
Class org.gradle.internal.classloader.FilteringClassLoader                            : loaded 2 times (x 103B)
Class org.gradle.internal.classloader.ClassLoaderHierarchy                            : loaded 2 times (x 68B)
Class org.gradle.api.internal.classpath.ManifestUtil                                  : loaded 2 times (x 69B)
Class org.gradle.internal.classloader.DefaultClassLoaderFactory                       : loaded 2 times (x 80B)
Class org.gradle.internal.classloader.ClassLoaderVisitor                              : loaded 2 times (x 74B)
Class org.gradle.api.internal.classpath.EffectiveClassPath                            : loaded 2 times (x 88B)
Class org.gradle.api.internal.DefaultClassPathProvider                                : loaded 2 times (x 74B)
Class [Lorg.gradle.api.internal.ClassPathProvider;                                    : loaded 2 times (x 67B)
Class org.gradle.api.internal.ClassPathProvider                                       : loaded 2 times (x 68B)
Class org.gradle.internal.service.UnknownServiceException                             : loaded 2 times (x 81B)
Class org.gradle.internal.classpath.TransformedClassPath                              : loaded 2 times (x 94B)
Class org.gradle.internal.classloader.InstrumentingClassLoader                        : loaded 2 times (x 68B)
Class org.gradle.internal.service.ServiceLocator                                      : loaded 2 times (x 68B)
Class org.gradle.internal.InternalTransformer                                         : loaded 2 times (x 68B)
Class org.gradle.internal.classloader.ClasspathUtil$1                                 : loaded 2 times (x 74B)
Class org.gradle.api.internal.classpath.DefaultModuleRegistry$DefaultModule           : loaded 2 times (x 84B)
Class org.gradle.api.internal.classpath.Module                                        : loaded 2 times (x 68B)
Class org.gradle.api.internal.classpath.UnknownModuleException                        : loaded 2 times (x 80B)
Class org.gradle.api.internal.DefaultClassPathRegistry                                : loaded 2 times (x 74B)
Class org.gradle.api.internal.ClassPathRegistry                                       : loaded 2 times (x 68B)
Class org.gradle.internal.classpath.DefaultClassPath$ImmutableUniqueList              : loaded 2 times (x 197B)
Class org.gradle.internal.classpath.ClassPath                                         : loaded 2 times (x 68B)
Class org.gradle.api.UncheckedIOException                                             : loaded 2 times (x 80B)
Class ijKotlinCoroutineJvmDebugInit1_b3qby4aneg2qbthyu57kkmbtf$_run_closure1          : loaded 2 times (x 137B)
Class org.gradle.internal.installation.GradleInstallation$1                           : loaded 2 times (x 73B)
Class org.gradle.api.internal.classpath.ModuleRegistry                                : loaded 2 times (x 68B)
Class org.gradle.api.internal.classpath.DefaultModuleRegistry                         : loaded 2 times (x 84B)
Class org.gradle.internal.service.ServiceLookupException                              : loaded 2 times (x 80B)
Class org.gradle.internal.classloader.ClassLoaderFactory                              : loaded 2 times (x 68B)
Class org.gradle.internal.service.CachingServiceLocator                               : loaded 2 times (x 80B)
Class org.gradle.internal.classloader.ClasspathUtil                                   : loaded 2 times (x 69B)
Class org.gradle.api.specs.Spec                                                       : loaded 2 times (x 68B)
Class org.gradle.internal.classloader.VisitableURLClassLoader$InstrumentingVisitableURLClassLoader: loaded 2 times (x 121B)
Class org.gradle.internal.classloader.VisitableURLClassLoader$Spec                    : loaded 2 times (x 72B)
Class org.gradle.internal.classpath.DefaultClassPath                                  : loaded 2 times (x 88B)
Class org.gradle.internal.classloader.ClassLoaderSpec                                 : loaded 2 times (x 69B)
Class org.gradle.internal.classloader.VisitableURLClassLoader                         : loaded 2 times (x 115B)
Class org.gradle.internal.Cast                                                        : loaded 2 times (x 69B)
Class org.gradle.api.Action                                                           : loaded 2 times (x 68B)
Class org.gradle.internal.classpath.DefaultClassPath$ImmutableUniqueList$Builder      : loaded 2 times (x 73B)
Class org.gradle.api.GradleException                                                  : loaded 2 times (x 80B)
Class ijKotlinCoroutineJvmDebugInit1_b3qby4aneg2qbthyu57kkmbtf                        : loaded 2 times (x 177B)
Class ijJvmDebugger1_8d5lg87aotoav84oq2yqlkyv9                                        : loaded 2 times (x 177B)
Class org.gradle.internal.IoActions                                                   : loaded 2 times (x 69B)
Class org.gradle.internal.classloader.SystemClassLoaderSpec                           : loaded 2 times (x 69B)
Class ijJvmDebugger1_8d5lg87aotoav84oq2yqlkyv9$_run_closure1                          : loaded 2 times (x 137B)
Class org.gradle.api.internal.classpath.GlobalCacheRootsProvider                      : loaded 2 times (x 68B)
Class org.gradle.internal.installation.CurrentGradleInstallationLocator               : loaded 2 times (x 69B)
Class org.gradle.internal.service.DefaultServiceLocator                               : loaded 2 times (x 81B)
Class org.gradle.internal.installation.CurrentGradleInstallation                      : loaded 2 times (x 71B)
Class org.gradle.util.internal.GUtil                                                  : loaded 2 times (x 69B)
Class org.gradle.internal.installation.GradleInstallation                             : loaded 2 times (x 73B)

---------------  S Y S T E M  ---------------

OS:
 Windows 11 , 64 bit Build 26100 (10.0.26100.8328)
OS uptime: 1 days 23:37 hours
Hyper-V role detected

CPU: total 8 (initial active 8) (4 cores per cpu, 2 threads per core) family 6 model 140 stepping 1 microcode 0xa4, cx8, cmov, fxsr, ht, mmx, 3dnowpref, sse, sse2, sse3, ssse3, sse4.1, sse4.2, popcnt, lzcnt, tsc, tscinvbit, avx, avx2, aes, erms, clmul, bmi1, bmi2, adx, avx512f, avx512dq, avx512cd, avx512bw, avx512vl, sha, fma, vzeroupper, avx512_vpopcntdq, avx512_vpclmulqdq, avx512_vaes, avx512_vnni, clflush, clflushopt, clwb, avx512_vbmi2, avx512_vbmi, hv, rdtscp, rdpid, fsrm, gfni, avx512_bitalg, f16c, cet_ibt, cet_ss, avx512_ifma
Processor Information for processor 0
  Max Mhz: 3110, Current Mhz: 3110, Mhz Limit: 3110
Processor Information for processor 1
  Max Mhz: 3110, Current Mhz: 3110, Mhz Limit: 3110
Processor Information for processor 2
  Max Mhz: 3110, Current Mhz: 1203, Mhz Limit: 3110
Processor Information for processor 3
  Max Mhz: 3110, Current Mhz: 1203, Mhz Limit: 3110
Processor Information for processor 4
  Max Mhz: 3110, Current Mhz: 1203, Mhz Limit: 3110
Processor Information for processor 5
  Max Mhz: 3110, Current Mhz: 3110, Mhz Limit: 3110
Processor Information for processor 6
  Max Mhz: 3110, Current Mhz: 1203, Mhz Limit: 3110
Processor Information for processor 7
  Max Mhz: 3110, Current Mhz: 1203, Mhz Limit: 3110

Memory: 4k page, system-wide physical 16075M (1871M free)
TotalPageFile size 24267M (AvailPageFile size 51M)
current process WorkingSet (physical memory assigned to process): 264M, peak: 301M
current process commit charge ("private bytes"): 302M, peak: 379M

vm_info: OpenJDK 64-Bit Server VM (21.0.7+-13880790-b1038.58) for windows-amd64 JRE (21.0.7+-13880790-b1038.58), built on 2025-08-04T20:56:21Z by "builder" with MS VC++ 16.10 / 16.11 (VS2019)

END.
