#
# There is insufficient memory for the Java Runtime Environment to continue.
# Native memory allocation (mmap) failed to map 67108864 bytes for G1 virtual space
# Possible reasons:
#   The system is out of physical RAM or swap space
#   The process is running with CompressedOops enabled, and the Java Heap may be blocking the growth of the native heap
# Possible solutions:
#   Reduce memory load on the system
#   Increase physical memory or swap space
#   Check if swap backing store is full
#   Decrease Java heap size (-Xmx/-Xms)
#   Decrease number of Java threads
#   Decrease Java thread stack sizes (-Xss)
#   Set larger code cache with -XX:ReservedCodeCacheSize=
#   JVM is running with Unscaled Compressed Oops mode in which the Java heap is
#     placed in the first 4GB address space. The Java Heap base address is the
#     maximum limit for the native heap growth. Please use -XX:HeapBaseMinAddress
#     to set the Java Heap base and to place the Java Heap above 4GB virtual address.
# This output file may be truncated or incomplete.
#
#  Out of Memory Error (os_windows.cpp:3600), pid=12948, tid=37056
#
# JRE version:  (21.0.2+13) (build )
# Java VM: Java HotSpot(TM) 64-Bit Server VM (21.0.2+13-LTS-58, mixed mode, sharing, tiered, compressed oops, compressed class ptrs, g1 gc, windows-amd64)
# No core dump will be written. Minidumps are not enabled by default on client versions of Windows
#

---------------  S U M M A R Y ------------

Command Line: -Xmx64m -Xms64m -Dorg.gradle.appname=gradlew org.gradle.wrapper.GradleWrapperMain assembleDebug

Host: 11th Gen Intel(R) Core(TM) i5-11300H @ 3.10GHz, 8 cores, 15G,  Windows 11 , 64 bit Build 26100 (10.0.26100.8246)
Time: Wed May  6 21:22:20 2026 RTZ 2 (s 11 , 64 bit Build 26100 (10.0.26100.8246) elapsed time: 1.258509 seconds (0d 0h 0m 1s)

---------------  T H R E A D  ---------------

Current thread (0x0000022abe990780):  JavaThread "Unknown thread" [_thread_in_vm, id=37056, stack(0x0000005445200000,0x0000005445300000) (1024K)]

Stack: [0x0000005445200000,0x0000005445300000]
Native frames: (J=compiled Java code, j=interpreted, Vv=VM code, C=native code)
V  [jvm.dll+0x6cade9]
V  [jvm.dll+0x8569c1]
V  [jvm.dll+0x858d2e]
V  [jvm.dll+0x859413]
V  [jvm.dll+0x280e56]
V  [jvm.dll+0x6c74d5]
V  [jvm.dll+0x6bbeca]
V  [jvm.dll+0x355bca]
V  [jvm.dll+0x35d816]
V  [jvm.dll+0x3ae67e]
V  [jvm.dll+0x3ae928]
V  [jvm.dll+0x3295dc]
V  [jvm.dll+0x32a16b]
V  [jvm.dll+0x81efa9]
V  [jvm.dll+0x3bba01]
V  [jvm.dll+0x807928]
V  [jvm.dll+0x44f50e]
V  [jvm.dll+0x450e11]
C  [jli.dll+0x52a3]
C  [ucrtbase.dll+0x37b0]
C  [KERNEL32.DLL+0x2e8d7]
C  [ntdll.dll+0x8c3fc]


---------------  P R O C E S S  ---------------

Threads class SMR info:
_java_thread_list=0x00007ffa57e4bb88, length=0, elements={
}

Java Threads: ( => current thread )
Total: 0

Other Threads:
  0x0000022abeb06730 WorkerThread "GC Thread#0"                     [id=7624, stack(0x0000005445300000,0x0000005445400000) (1024K)]
  0x0000022abeb07f10 ConcurrentGCThread "G1 Main Marker"            [id=32816, stack(0x0000005445400000,0x0000005445500000) (1024K)]
  0x0000022abeb09620 WorkerThread "G1 Conc#0"                       [id=39012, stack(0x0000005445500000,0x0000005445600000) (1024K)]

[error occurred during error reporting (printing all threads), id 0xc0000005, EXCEPTION_ACCESS_VIOLATION (0xc0000005) at pc=0x00007ffa575bc6a7]
VM state: not at safepoint (not fully initialized)

VM Mutex/Monitor currently owned by a thread:  ([mutex/lock_event])
[0x00007ffa57ebce68] Heap_lock - owner thread: 0x0000022abe990780

Heap address: 0x00000000fc000000, size: 64 MB, Compressed Oops mode: 32-bit

CDS archive(s) mapped at: [0x0000000000000000-0x0000000000000000-0x0000000000000000), size 0, SharedBaseAddress: 0x0000000800000000, ArchiveRelocationMode: 1.
Narrow klass base: 0x0000000000000000, Narrow klass shift: 0, Narrow klass range: 0x0

GC Precious Log:
 CardTable entry size: 512
 Card Set container configuration: InlinePtr #cards 5 size 8 Array Of Cards #cards 12 size 40 Howl #buckets 4 coarsen threshold 1843 Howl Bitmap #cards 512 size 80 coarsen threshold 460 Card regions per heap region 1 cards per card region 2048

Heap:
 garbage-first heap   total 0K, used 0K [0x00000000fc000000, 0x0000000100000000)
  region size 1024K, 0 young (0K), 0 survivors (0K)

[error occurred during error reporting (printing heap information), id 0xc0000005, EXCEPTION_ACCESS_VIOLATION (0xc0000005) at pc=0x00007ffa579a39f9]
GC Heap History (0 events):
No events

Dll operation events (1 events):
Event: 0.009 Loaded shared library C:\Program Files\Java\jdk-21\bin\java.dll

Deoptimization events (0 events):
No events

Classes loaded (0 events):
No events

Classes unloaded (0 events):
No events

Classes redefined (0 events):
No events

Internal exceptions (0 events):
No events

ZGC Phase Switch (0 events):
No events

VM Operations (0 events):
No events

Events (0 events):
No events


Dynamic libraries:
0x00007ff641d00000 - 0x00007ff641d10000 	C:\Program Files\Java\jdk-21\bin\java.exe
0x00007ffaf48e0000 - 0x00007ffaf4b47000 	C:\WINDOWS\SYSTEM32\ntdll.dll
0x00007ffaf37d0000 - 0x00007ffaf3899000 	C:\WINDOWS\System32\KERNEL32.DLL
0x00007ffaf1d00000 - 0x00007ffaf20f4000 	C:\WINDOWS\System32\KERNELBASE.dll
0x00007ffaf2380000 - 0x00007ffaf24cb000 	C:\WINDOWS\System32\ucrtbase.dll
0x00007ffade840000 - 0x00007ffade85b000 	C:\Program Files\Java\jdk-21\bin\VCRUNTIME140.dll
0x00007ffadde30000 - 0x00007ffadde49000 	C:\Program Files\Java\jdk-21\bin\jli.dll
0x00007ffaf4030000 - 0x00007ffaf40e6000 	C:\WINDOWS\System32\ADVAPI32.dll
0x00007ffaf46a0000 - 0x00007ffaf4749000 	C:\WINDOWS\System32\msvcrt.dll
0x00007ffaf35c0000 - 0x00007ffaf3667000 	C:\WINDOWS\System32\sechost.dll
0x00007ffaf40f0000 - 0x00007ffaf4208000 	C:\WINDOWS\System32\RPCRT4.dll
0x00007ffaf2ee0000 - 0x00007ffaf30a5000 	C:\WINDOWS\System32\USER32.dll
0x00007ffaf24d0000 - 0x00007ffaf24f7000 	C:\WINDOWS\System32\win32u.dll
0x00007ffad4a50000 - 0x00007ffad4ce3000 	C:\WINDOWS\WinSxS\amd64_microsoft.windows.common-controls_6595b64144ccf1df_6.0.26100.8115_none_3e075c82e3354f9c\COMCTL32.dll
0x00007ffaf3f70000 - 0x00007ffaf3f9b000 	C:\WINDOWS\System32\GDI32.dll
0x00007ffaf21c0000 - 0x00007ffaf22eb000 	C:\WINDOWS\System32\gdi32full.dll
0x00007ffaf11b0000 - 0x00007ffaf1253000 	C:\WINDOWS\System32\msvcp_win.dll
0x00007ffae77a0000 - 0x00007ffae77ab000 	C:\WINDOWS\SYSTEM32\VERSION.dll
0x00007ffaf4750000 - 0x00007ffaf4782000 	C:\WINDOWS\System32\IMM32.DLL
0x00007ffaddb00000 - 0x00007ffaddb0c000 	C:\Program Files\Java\jdk-21\bin\vcruntime140_1.dll
0x00007ffaa5e70000 - 0x00007ffaa5efe000 	C:\Program Files\Java\jdk-21\bin\msvcp140.dll
0x00007ffa57280000 - 0x00007ffa57f97000 	C:\Program Files\Java\jdk-21\bin\server\jvm.dll
0x00007ffaf3fa0000 - 0x00007ffaf4020000 	C:\WINDOWS\System32\WS2_32.dll
0x00007ffaf1000000 - 0x00007ffaf105e000 	C:\WINDOWS\SYSTEM32\POWRPROF.dll
0x00007ffae7b80000 - 0x00007ffae7bb6000 	C:\WINDOWS\SYSTEM32\WINMM.dll
0x00007ffaf0fe0000 - 0x00007ffaf0ff4000 	C:\WINDOWS\SYSTEM32\UMPDC.dll
0x00007ffaeff40000 - 0x00007ffaeff5b000 	C:\WINDOWS\SYSTEM32\kernel.appcore.dll
0x00007ffaddaf0000 - 0x00007ffaddafa000 	C:\Program Files\Java\jdk-21\bin\jimage.dll
0x00007ffaef010000 - 0x00007ffaef252000 	C:\WINDOWS\SYSTEM32\DBGHELP.DLL
0x00007ffaf4210000 - 0x00007ffaf4592000 	C:\WINDOWS\System32\combase.dll
0x00007ffaf2e00000 - 0x00007ffaf2ed8000 	C:\WINDOWS\System32\OLEAUT32.dll
0x00007ffacc5b0000 - 0x00007ffacc5eb000 	C:\WINDOWS\SYSTEM32\dbgcore.DLL
0x00007ffaf1c50000 - 0x00007ffaf1cf5000 	C:\WINDOWS\System32\bcryptPrimitives.dll
0x00007ffad4820000 - 0x00007ffad483f000 	C:\Program Files\Java\jdk-21\bin\java.dll

dbghelp: loaded successfully - version: 4.0.5 - missing functions: none
symbol engine: initialized successfully - sym options: 0x614 - pdb path: .;C:\Program Files\Java\jdk-21\bin;C:\WINDOWS\SYSTEM32;C:\WINDOWS\WinSxS\amd64_microsoft.windows.common-controls_6595b64144ccf1df_6.0.26100.8115_none_3e075c82e3354f9c;C:\Program Files\Java\jdk-21\bin\server

VM Arguments:
jvm_args: -Xmx64m -Xms64m -Dorg.gradle.appname=gradlew 
java_command: org.gradle.wrapper.GradleWrapperMain assembleDebug
java_class_path (initial): C:\Users\grish\AndroidStudioProjects\indoornavigation\\gradle\wrapper\gradle-wrapper.jar
Launcher Type: SUN_STANDARD

[Global flags]
     intx CICompilerCount                          = 4                                         {product} {ergonomic}
     uint ConcGCThreads                            = 2                                         {product} {ergonomic}
     uint G1ConcRefinementThreads                  = 8                                         {product} {ergonomic}
   size_t G1HeapRegionSize                         = 1048576                                   {product} {ergonomic}
    uintx GCDrainStackTargetSize                   = 64                                        {product} {ergonomic}
   size_t InitialHeapSize                          = 67108864                                  {product} {command line}
   size_t MarkStackSize                            = 4194304                                   {product} {ergonomic}
   size_t MaxHeapSize                              = 67108864                                  {product} {command line}
   size_t MinHeapDeltaBytes                        = 1048576                                   {product} {ergonomic}
   size_t MinHeapSize                              = 67108864                                  {product} {command line}
    uintx NonNMethodCodeHeapSize                   = 5839372                                {pd product} {ergonomic}
    uintx NonProfiledCodeHeapSize                  = 122909434                              {pd product} {ergonomic}
    uintx ProfiledCodeHeapSize                     = 122909434                              {pd product} {ergonomic}
    uintx ReservedCodeCacheSize                    = 251658240                              {pd product} {ergonomic}
     bool SegmentedCodeCache                       = true                                      {product} {ergonomic}
   size_t SoftMaxHeapSize                          = 67108864                               {manageable} {ergonomic}
     bool UseCompressedOops                        = true                           {product lp64_product} {ergonomic}
     bool UseG1GC                                  = true                                      {product} {ergonomic}
     bool UseLargePagesIndividualAllocation        = false                                  {pd product} {ergonomic}

Logging:
Log output configuration:
 #0: stdout all=warning uptime,level,tags foldmultilines=false
 #1: stderr all=off uptime,level,tags foldmultilines=false

Environment Variables:
JAVA_HOME=C:\Program Files\Java\jdk-21
CLASSPATH=C:\Users\grish\AndroidStudioProjects\indoornavigation\\gradle\wrapper\gradle-wrapper.jar
PATH=C:\Program Files (x86)\VMware\VMware Workstation\bin\;C:\Program Files\Common Files\Oracle\Java\javapath;C:\Program Files (x86)\Common Files\Oracle\Java\javapath;C:\WINDOWS\system32;C:\WINDOWS;C:\WINDOWS\System32\Wbem;C:\WINDOWS\System32\WindowsPowerShell\v1.0\;C:\WINDOWS\System32\OpenSSH\;C:\Program Files\Git\cmd;C:\Program Files\dotnet\;C:\Program Files (x86)\Windows Kits\10\Windows Performance Toolkit\;C:\Program Files\PuTTY\;C:\Program Files\MongoDB\mongosh-2.5.0-win32-x64\bin;;C:\Program Files\Docker\Docker\resources\bin;C:\Program Files\nodejs\;C:\Program Files (x86)\VMware\VMware Workstation\bin\;C:\Program Files\Common Files\Oracle\Java\javapath;C:\Program Files (x86)\Common Files\Oracle\Java\javapath;C:\WINDOWS\system32;C:\WINDOWS;C:\WINDOWS\System32\Wbem;C:\WINDOWS\System32\WindowsPowerShell\v1.0\;C:\WINDOWS\System32\OpenSSH\;C:\Program Files\Git\cmd;C:\Program Files\dotnet\;C:\Program Files (x86)\Windows Kits\10\Windows Performance Toolkit\;C:\Program Files\PuTTY\;C:\Program Files\MongoDB\mongosh-2.5.0-win32-x64\bin;;C:\Program Files\Docker\Docker\resources\bin;C:\Program Files\nodejs\;C:\Program Files (x86)\VMware\VMware Workstation\bin\;C:\Program Files\Common Files\Oracle\Java\javapath;C:\Program Files (x86)\Common Files\Oracle\Java\javapath;C:\WINDOWS\system32;C:\WINDOWS;C:\WINDOWS\System32\Wbem;C:\WINDOWS\System32\WindowsPowerShell\v1.0\;C:\WINDOWS\System32\OpenSSH\;C:\Program Files\Git\cmd;C:\Program Files\dotnet\;C:\Program Files (x86)\Windows Kits\10\Windows Performance Toolkit\;C:\Program Files\PuTTY\;C:\Program Files\MongoDB\mongosh-2.5.0-win32-x64\bin;;C:\Program Files\Docker\Docker\resources\bin;C:\Program Files\nodejs\;C:\Users\grish\AppData\Local\Microsoft\WindowsApps;C:\Users\grish\AppData\Local\Programs\Microsoft VS Code\bin;C:\Users\grish\.dotnet\tools;C:\Program Files\apache-maven-3.9.6\bin;C:\Program Files\MySQL\MySQL Server 8.0\bin;C:\Program Files\PostgreSQL\17\bin;C:\Program Files\JetBrains\WebStorm 2025.1\bin;;C:\Users\grish\AppData\Roaming\npm;C:\flutter\bin;C:\flutter\bin;C:\Program Files (x86)\Nmap;C:\Users\grish\AppData\Local\Programs\Antigravity\bin
USERNAME=grish
OS=Windows_NT
PROCESSOR_IDENTIFIER=Intel64 Family 6 Model 140 Stepping 1, GenuineIntel
TMP=C:\Users\grish\AppData\Local\Temp
TEMP=C:\Users\grish\AppData\Local\Temp




Periodic native trim disabled

---------------  S Y S T E M  ---------------

OS:
 Windows 11 , 64 bit Build 26100 (10.0.26100.8246)
OS uptime: 2 days 2:49 hours
Hyper-V role detected

CPU: total 8 (initial active 8) (4 cores per cpu, 2 threads per core) family 6 model 140 stepping 1 microcode 0xa4, cx8, cmov, fxsr, ht, mmx, 3dnowpref, sse, sse2, sse3, ssse3, sse4.1, sse4.2, popcnt, lzcnt, tsc, tscinvbit, avx, avx2, aes, erms, clmul, bmi1, bmi2, adx, avx512f, avx512dq, avx512cd, avx512bw, avx512vl, sha, fma, vzeroupper, avx512_vpopcntdq, avx512_vpclmulqdq, avx512_vaes, avx512_vnni, clflush, clflushopt, clwb, avx512_vbmi2, avx512_vbmi, hv, rdtscp, rdpid, fsrm, gfni, avx512_bitalg, f16c, cet_ibt, cet_ss, avx512_ifma
Processor Information for all 8 processors :
  Max Mhz: 3110, Current Mhz: 3110, Mhz Limit: 3110

Memory: 4k page, system-wide physical 16075M (1698M free)
TotalPageFile size 24267M (AvailPageFile size 29M)
current process WorkingSet (physical memory assigned to process): 12M, peak: 12M
current process commit charge ("private bytes"): 59M, peak: 123M

vm_info: Java HotSpot(TM) 64-Bit Server VM (21.0.2+13-LTS-58) for windows-amd64 JRE (21.0.2+13-LTS-58), built on 2024-01-05T18:32:24Z by "mach5one" with MS VC++ 17.1 (VS2022)

END.
